===============================================
Updating Data: 2026-03-10 04:00:03.457
===============================================
Found 17 remote files.
[SKIP] File already exists: 
/home/liangrd/optical_data/EP251222a/TNOT/stack_EP251222a_rp_wcs.fits
[SKIP] Local directory does not exist for target 
'/home/tnot/EP/20251212/stack_WXTJ043559-012325_rp_wcs.fits': 
/home/liangrd/optical_data/WXTJ043559-012325/TNOT
[SKIP] File already exists: 
/home/liangrd/optical_data/EP260131a/TNOT/stack_EP260131a_rp_wcs.fits
[SKIP] Local directory does not exist for target 
'/home/tnot/EP/20251219/stack_EPJ0619.5+0606_rp_wcs.fits': 
/home/liangrd/optical_data/EPJ0619.5+0606/TNOT
[SKIP] Local directory does not exist for target 
'/home/tnot/EP/20251213/stack_WXT_J001838+115903_rp_wcs.fits': 
/home/liangrd/optical_data/WXT/TNOT
[SKIP] Local directory does not exist for target 
'/home/tnot/EP/20251208/stack_RXSJ052540.6+425139_rp_wcs.fits': 
/home/liangrd/optical_data/RXSJ052540.6+425139/TNOT
[SKIP] Local directory does not exist for target 
'/home/tnot/EP/20251208/stack_WXTJ031644+08d316_rp_wcs.fits': 
/home/liangrd/optical_data/WXTJ031644+08d316/TNOT
[SKIP] File already exists: 
/home/liangrd/optical_data/EP251222a/TNOT/stack_EP251222a_rp_wcs.fits
[SKIP] Local directory does not exist for target 
'/home/tnot/EP/20251209/stack_WXTJ032216+233553_rp_wcs.fits': 
/home/liangrd/optical_data/WXTJ032216+233553/TNOT
[SKIP] Local directory does not exist for target 
'/home/tnot/EP/20251209/stack_WXTJ110746+454221_rp_wcs.fits': 
/home/liangrd/optical_data/WXTJ110746+454221/TNOT
[SKIP] File already exists: 
/home/liangrd/optical_data/EP251221a/TNOT/stack_EP251221a_rp_wcs.fits
[SKIP] File already exists: 
/home/liangrd/optical_data/EP260209a/TNOT/stack_EP260209a_rp_wcs.fits
[SKIP] Local directory does not exist for target 
'/home/tnot/EP/20251211/stack_WXTJ2_rp_wcs.fits': 
/home/liangrd/optical_data/WXTJ2/TNOT
[SKIP] Local directory does not exist for target 
'/home/tnot/EP/20251213_Li/stack_WXT_J001838+115903_rp_wcs.fits': 
/home/liangrd/optical_data/WXT/TNOT
[SKIP] Local directory does not exist for target 
'/home/tnot/EP/20260109/stack_WXT_J030902+581637_rp_wcs.fits': 
/home/liangrd/optical_data/WXT/TNOT
[SKIP] File already exists: 
/home/liangrd/optical_data/EP251222a/TNOT/stack_EP251222a_rp_wcs.fits
[SKIP] Local directory does not exist for target 
'/home/tnot/EP/20251214/stack_EP20251214a_rp_wcs.fits': 
/home/liangrd/optical_data/EP20251214a/TNOT
🔍 Querying remote Sitian files...
📦 Found 40 files on server
⏭️ Skip existing: 2025-12-27_EP251222a_g_com_10.wcs.fits
⏭️ Skip existing: 2025-12-28_EP251222a_g_com_10.wcs.fits
⏭️ Skip existing: 2025-12-29_EP251222a_g_com_5.wcs.fits
⏭️ Skip existing: 2025-12-30_EP251229a_g_com_10.wcs.fits
⏭️ Skip existing: 2025-12-31_EP251229a_g_com_10.wcs.fits
⏭️ Skip existing: 2026-01-03_EP260101a_g_com_3.wcs.fits
⏭️ Skip existing: 2026-01-05_EP260104a_g_com_9.wcs.fits
⏭️ Skip existing: 2026-01-05_EP260105a_g_com_1.wcs.fits
⏭️ Skip existing: 2026-01-06_EP260104a_g_com_10.wcs.fits
⏭️ Skip existing: 2026-01-06_EP260105a_g_com_10.wcs.fits
⏭️ Skip existing: 2026-01-07_EP260104a_g_com_10.wcs.fits
⏭️ Skip existing: 2026-01-08_EP260101a_g_com_10.wcs.fits
⏭️ Skip existing: 2026-01-10_EP260105b_g_com_3.wcs.fits
⏭️ Skip existing: 2026-01-11_EP260110a_g_com_10.wcs.fits
⏭️ Skip existing: 2026-01-12_EP260104a_g_com_10.wcs.fits
⏭️ Skip existing: 2026-01-12_EP260105a_g_com_10.wcs.fits
⏭️ Skip existing: 2026-01-12_EP260110a_g_com_10.wcs.fits
⏭️ Skip existing: 2026-01-13_EP260101a_g_com_10.wcs.fits
⏭️ Skip existing: 2026-01-15_EP260101a_g_com_10.wcs.fits
⏭️ Skip existing: 2026-01-16_EP251221a_g_com_10.wcs.fits
⏭️ Skip existing: 2026-01-17_EP251221a_g_com_10.wcs.fits
⏭️ Skip existing: 2026-01-20_EP260110a_g_com_9.wcs.fits
⏭️ Skip existing: 2026-01-21_EP251229a_g_com_10.wcs.fits
⏭️ Skip existing: 2026-01-21_EP260101a_g_com_9.wcs.fits
⏭️ Skip existing: 2026-01-22_EP251229a_g_com_9.wcs.fits
⏭️ Skip existing: 2026-01-22_EP260101a_g_com_10.wcs.fits
⏭️ Skip existing: 2026-01-22_EP260105a_g_com_10.wcs.fits
⏭️ Skip existing: 2026-01-22_EP260110a_g_com_10.wcs.fits
⏭️ Skip existing: 2026-01-23_EP260105b_g_com_10.wcs.fits
⏭️ Skip existing: 2026-01-23_EP260116a_g_com_10.wcs.fits
⏭️ Skip existing: 2026-01-26_EP260110a_g_com_10.wcs.fits
⏭️ Skip existing: 2026-01-27_EP260116a_g_com_10.wcs.fits
⏭️ Skip existing: 2026-02-08_EP260110a_g_com_9.wcs.fits
⏭️ Skip existing: 2026-02-10_EP260110a_g_com_9.wcs.fits
⏭️ Skip existing: 2026-02-10_EP260209a_g_com_10.wcs.fits
⏭️ Skip existing: 2026-02-11_EP260116a_g_com_10.wcs.fits
⏭️ Skip existing: 2026-02-11_EP260126a_g_com_10.wcs.fits
⏭️ Skip existing: 2026-02-15_EP260116a_g_com_10.wcs.fits
⏭️ Skip existing: 2026-02-15_EP260126a_g_com_10.wcs.fits
⏭️ Skip existing: 2026-02-15_EP260209a_g_com_10.wcs.fits
✅ Sitian data download finished.
[ERROR] 
/home/liangrd/optical_data/EP251229a/sitian/2025-12-30_EP251229a_g_com_10.wcs.fi
ts: buffer is too small for requested array
[ERROR] 
/home/liangrd/optical_data/EP251229a/sitian/2025-12-31_EP251229a_g_com_10.wcs.fi
ts: buffer is too small for requested array
[ERROR] 
/home/liangrd/optical_data/EP260105a/WHUT/EP260105a_20260125_0013_i.fits: 
'NoneType' object has no attribute 'get'
[OK] Saved:
  - /home/liangrd/Follow_up/results/all_targets_timeline.csv
  - /home/liangrd/Follow_up/results/all_targets_timeline.png
[ERROR] 
/home/liangrd/optical_data/EP251229a/sitian/2025-12-30_EP251229a_g_com_10.wcs.fi
ts: buffer is too small for requested array
[ERROR] 
/home/liangrd/optical_data/EP251229a/sitian/2025-12-31_EP251229a_g_com_10.wcs.fi
ts: buffer is too small for requested array
[ERROR] 
/home/liangrd/optical_data/EP260105a/WHUT/EP260105a_20260125_0013_i.fits: 
'NoneType' object has no attribute 'get'
[OK] Saved interactive figure to 
/home/liangrd/Follow_up/results/all_targets_timeline.html
[OK] Saved:
  - /home/liangrd/Follow_up/results/all_targets_timeline.csv
  - /home/liangrd/Follow_up/results/all_targets_timeline.html
[OK] Saved results to /home/liangrd/Follow_up/results/all_targets_meta.csv
[master 9019fa5] Update data at 2026-03-10 04:00:42.803
 10 files changed, 175 insertions(+), 43 deletions(-)
 create mode 100644 code/log/20260310_update_data.log
To github.com:LAujust/Follow_up.git
   e713960..9019fa5  master -> master
===============================================
Updating Data: 2026-03-10 10:00:02.811
===============================================
Found 17 remote files.
[SKIP] File already exists: 
/home/liangrd/optical_data/EP251222a/TNOT/stack_EP251222a_rp_wcs.fits
[SKIP] Local directory does not exist for target 
'/home/tnot/EP/20251212/stack_WXTJ043559-012325_rp_wcs.fits': 
/home/liangrd/optical_data/WXTJ043559-012325/TNOT
[SKIP] File already exists: 
/home/liangrd/optical_data/EP260131a/TNOT/stack_EP260131a_rp_wcs.fits
[SKIP] Local directory does not exist for target 
'/home/tnot/EP/20251219/stack_EPJ0619.5+0606_rp_wcs.fits': 
/home/liangrd/optical_data/EPJ0619.5+0606/TNOT
[SKIP] Local directory does not exist for target 
'/home/tnot/EP/20251213/stack_WXT_J001838+115903_rp_wcs.fits': 
/home/liangrd/optical_data/WXT/TNOT
[SKIP] Local directory does not exist for target 
'/home/tnot/EP/20251208/stack_RXSJ052540.6+425139_rp_wcs.fits': 
/home/liangrd/optical_data/RXSJ052540.6+425139/TNOT
[SKIP] Local directory does not exist for target 
'/home/tnot/EP/20251208/stack_WXTJ031644+08d316_rp_wcs.fits': 
/home/liangrd/optical_data/WXTJ031644+08d316/TNOT
[SKIP] File already exists: 
/home/liangrd/optical_data/EP251222a/TNOT/stack_EP251222a_rp_wcs.fits
[SKIP] Local directory does not exist for target 
'/home/tnot/EP/20251209/stack_WXTJ032216+233553_rp_wcs.fits': 
/home/liangrd/optical_data/WXTJ032216+233553/TNOT
[SKIP] Local directory does not exist for target 
'/home/tnot/EP/20251209/stack_WXTJ110746+454221_rp_wcs.fits': 
/home/liangrd/optical_data/WXTJ110746+454221/TNOT
[SKIP] File already exists: 
/home/liangrd/optical_data/EP251221a/TNOT/stack_EP251221a_rp_wcs.fits
[SKIP] File already exists: 
/home/liangrd/optical_data/EP260209a/TNOT/stack_EP260209a_rp_wcs.fits
[SKIP] Local directory does not exist for target 
'/home/tnot/EP/20251211/stack_WXTJ2_rp_wcs.fits': 
/home/liangrd/optical_data/WXTJ2/TNOT
[SKIP] Local directory does not exist for target 
'/home/tnot/EP/20251213_Li/stack_WXT_J001838+115903_rp_wcs.fits': 
/home/liangrd/optical_data/WXT/TNOT
[SKIP] Local directory does not exist for target 
'/home/tnot/EP/20260109/stack_WXT_J030902+581637_rp_wcs.fits': 
/home/liangrd/optical_data/WXT/TNOT
[SKIP] File already exists: 
/home/liangrd/optical_data/EP251222a/TNOT/stack_EP251222a_rp_wcs.fits
[SKIP] Local directory does not exist for target 
'/home/tnot/EP/20251214/stack_EP20251214a_rp_wcs.fits': 
/home/liangrd/optical_data/EP20251214a/TNOT
🔍 Querying remote Sitian files...
📦 Found 40 files on server
⏭️ Skip existing: 2025-12-27_EP251222a_g_com_10.wcs.fits
⏭️ Skip existing: 2025-12-28_EP251222a_g_com_10.wcs.fits
⏭️ Skip existing: 2025-12-29_EP251222a_g_com_5.wcs.fits
⏭️ Skip existing: 2025-12-30_EP251229a_g_com_10.wcs.fits
⏭️ Skip existing: 2025-12-31_EP251229a_g_com_10.wcs.fits
⏭️ Skip existing: 2026-01-03_EP260101a_g_com_3.wcs.fits
⏭️ Skip existing: 2026-01-05_EP260104a_g_com_9.wcs.fits
⏭️ Skip existing: 2026-01-05_EP260105a_g_com_1.wcs.fits
⏭️ Skip existing: 2026-01-06_EP260104a_g_com_10.wcs.fits
⏭️ Skip existing: 2026-01-06_EP260105a_g_com_10.wcs.fits
⏭️ Skip existing: 2026-01-07_EP260104a_g_com_10.wcs.fits
⏭️ Skip existing: 2026-01-08_EP260101a_g_com_10.wcs.fits
⏭️ Skip existing: 2026-01-10_EP260105b_g_com_3.wcs.fits
⏭️ Skip existing: 2026-01-11_EP260110a_g_com_10.wcs.fits
⏭️ Skip existing: 2026-01-12_EP260104a_g_com_10.wcs.fits
⏭️ Skip existing: 2026-01-12_EP260105a_g_com_10.wcs.fits
⏭️ Skip existing: 2026-01-12_EP260110a_g_com_10.wcs.fits
⏭️ Skip existing: 2026-01-13_EP260101a_g_com_10.wcs.fits
⏭️ Skip existing: 2026-01-15_EP260101a_g_com_10.wcs.fits
⏭️ Skip existing: 2026-01-16_EP251221a_g_com_10.wcs.fits
⏭️ Skip existing: 2026-01-17_EP251221a_g_com_10.wcs.fits
⏭️ Skip existing: 2026-01-20_EP260110a_g_com_9.wcs.fits
⏭️ Skip existing: 2026-01-21_EP251229a_g_com_10.wcs.fits
⏭️ Skip existing: 2026-01-21_EP260101a_g_com_9.wcs.fits
⏭️ Skip existing: 2026-01-22_EP251229a_g_com_9.wcs.fits
⏭️ Skip existing: 2026-01-22_EP260101a_g_com_10.wcs.fits
⏭️ Skip existing: 2026-01-22_EP260105a_g_com_10.wcs.fits
⏭️ Skip existing: 2026-01-22_EP260110a_g_com_10.wcs.fits
⏭️ Skip existing: 2026-01-23_EP260105b_g_com_10.wcs.fits
⏭️ Skip existing: 2026-01-23_EP260116a_g_com_10.wcs.fits
⏭️ Skip existing: 2026-01-26_EP260110a_g_com_10.wcs.fits
⏭️ Skip existing: 2026-01-27_EP260116a_g_com_10.wcs.fits
⏭️ Skip existing: 2026-02-08_EP260110a_g_com_9.wcs.fits
⏭️ Skip existing: 2026-02-10_EP260110a_g_com_9.wcs.fits
⏭️ Skip existing: 2026-02-10_EP260209a_g_com_10.wcs.fits
⏭️ Skip existing: 2026-02-11_EP260116a_g_com_10.wcs.fits
⏭️ Skip existing: 2026-02-11_EP260126a_g_com_10.wcs.fits
⏭️ Skip existing: 2026-02-15_EP260116a_g_com_10.wcs.fits
⏭️ Skip existing: 2026-02-15_EP260126a_g_com_10.wcs.fits
⏭️ Skip existing: 2026-02-15_EP260209a_g_com_10.wcs.fits
✅ Sitian data download finished.
[ERROR] 
/home/liangrd/optical_data/EP251229a/sitian/2025-12-30_EP251229a_g_com_10.wcs.fi
ts: buffer is too small for requested array
[ERROR] 
/home/liangrd/optical_data/EP251229a/sitian/2025-12-31_EP251229a_g_com_10.wcs.fi
ts: buffer is too small for requested array
[ERROR] 
/home/liangrd/optical_data/EP260105a/WHUT/EP260105a_20260125_0013_i.fits: 
'NoneType' object has no attribute 'get'
[OK] Saved:
  - /home/liangrd/Follow_up/results/all_targets_timeline.csv
  - /home/liangrd/Follow_up/results/all_targets_timeline.png
[ERROR] 
/home/liangrd/optical_data/EP251229a/sitian/2025-12-30_EP251229a_g_com_10.wcs.fi
ts: buffer is too small for requested array
[ERROR] 
/home/liangrd/optical_data/EP251229a/sitian/2025-12-31_EP251229a_g_com_10.wcs.fi
ts: buffer is too small for requested array
[ERROR] 
/home/liangrd/optical_data/EP260105a/WHUT/EP260105a_20260125_0013_i.fits: 
'NoneType' object has no attribute 'get'
[OK] Saved interactive figure to 
/home/liangrd/Follow_up/results/all_targets_timeline.html
[OK] Saved:
  - /home/liangrd/Follow_up/results/all_targets_timeline.csv
  - /home/liangrd/Follow_up/results/all_targets_timeline.html
[OK] Saved results to /home/liangrd/Follow_up/results/all_targets_meta.csv
[master b60b81a] Update data at 2026-03-10 10:00:42.932
 9 files changed, 192 insertions(+), 51 deletions(-)
To github.com:LAujust/Follow_up.git
   9019fa5..b60b81a  master -> master
===============================================
Updating Data: 2026-03-10 16:00:03.175
===============================================
Found 17 remote files.
[SKIP] File already exists: 
/home/liangrd/optical_data/EP251222a/TNOT/stack_EP251222a_rp_wcs.fits
[SKIP] Local directory does not exist for target 
'/home/tnot/EP/20251212/stack_WXTJ043559-012325_rp_wcs.fits': 
/home/liangrd/optical_data/WXTJ043559-012325/TNOT
[SKIP] File already exists: 
/home/liangrd/optical_data/EP260131a/TNOT/stack_EP260131a_rp_wcs.fits
[SKIP] Local directory does not exist for target 
'/home/tnot/EP/20251219/stack_EPJ0619.5+0606_rp_wcs.fits': 
/home/liangrd/optical_data/EPJ0619.5+0606/TNOT
[SKIP] Local directory does not exist for target 
'/home/tnot/EP/20251213/stack_WXT_J001838+115903_rp_wcs.fits': 
/home/liangrd/optical_data/WXT/TNOT
[SKIP] Local directory does not exist for target 
'/home/tnot/EP/20251208/stack_RXSJ052540.6+425139_rp_wcs.fits': 
/home/liangrd/optical_data/RXSJ052540.6+425139/TNOT
[SKIP] Local directory does not exist for target 
'/home/tnot/EP/20251208/stack_WXTJ031644+08d316_rp_wcs.fits': 
/home/liangrd/optical_data/WXTJ031644+08d316/TNOT
[SKIP] File already exists: 
/home/liangrd/optical_data/EP251222a/TNOT/stack_EP251222a_rp_wcs.fits
[SKIP] Local directory does not exist for target 
'/home/tnot/EP/20251209/stack_WXTJ032216+233553_rp_wcs.fits': 
/home/liangrd/optical_data/WXTJ032216+233553/TNOT
[SKIP] Local directory does not exist for target 
'/home/tnot/EP/20251209/stack_WXTJ110746+454221_rp_wcs.fits': 
/home/liangrd/optical_data/WXTJ110746+454221/TNOT
[SKIP] File already exists: 
/home/liangrd/optical_data/EP251221a/TNOT/stack_EP251221a_rp_wcs.fits
[SKIP] File already exists: 
/home/liangrd/optical_data/EP260209a/TNOT/stack_EP260209a_rp_wcs.fits
[SKIP] Local directory does not exist for target 
'/home/tnot/EP/20251211/stack_WXTJ2_rp_wcs.fits': 
/home/liangrd/optical_data/WXTJ2/TNOT
[SKIP] Local directory does not exist for target 
'/home/tnot/EP/20251213_Li/stack_WXT_J001838+115903_rp_wcs.fits': 
/home/liangrd/optical_data/WXT/TNOT
[SKIP] Local directory does not exist for target 
'/home/tnot/EP/20260109/stack_WXT_J030902+581637_rp_wcs.fits': 
/home/liangrd/optical_data/WXT/TNOT
[SKIP] File already exists: 
/home/liangrd/optical_data/EP251222a/TNOT/stack_EP251222a_rp_wcs.fits
[SKIP] Local directory does not exist for target 
'/home/tnot/EP/20251214/stack_EP20251214a_rp_wcs.fits': 
/home/liangrd/optical_data/EP20251214a/TNOT
🔍 Querying remote Sitian files...
📦 Found 41 files on server
⏭️ Skip existing: 2025-12-27_EP251222a_g_com_10.wcs.fits
⏭️ Skip existing: 2025-12-28_EP251222a_g_com_10.wcs.fits
⏭️ Skip existing: 2025-12-29_EP251222a_g_com_5.wcs.fits
⏭️ Skip existing: 2025-12-30_EP251229a_g_com_10.wcs.fits
⏭️ Skip existing: 2025-12-31_EP251229a_g_com_10.wcs.fits
⏭️ Skip existing: 2026-01-03_EP260101a_g_com_3.wcs.fits
⏭️ Skip existing: 2026-01-05_EP260104a_g_com_9.wcs.fits
⏭️ Skip existing: 2026-01-05_EP260105a_g_com_1.wcs.fits
⏭️ Skip existing: 2026-01-06_EP260104a_g_com_10.wcs.fits
⏭️ Skip existing: 2026-01-06_EP260105a_g_com_10.wcs.fits
⏭️ Skip existing: 2026-01-07_EP260104a_g_com_10.wcs.fits
⏭️ Skip existing: 2026-01-08_EP260101a_g_com_10.wcs.fits
⏭️ Skip existing: 2026-01-10_EP260105b_g_com_3.wcs.fits
⏭️ Skip existing: 2026-01-11_EP260110a_g_com_10.wcs.fits
⏭️ Skip existing: 2026-01-12_EP260104a_g_com_10.wcs.fits
⏭️ Skip existing: 2026-01-12_EP260105a_g_com_10.wcs.fits
⏭️ Skip existing: 2026-01-12_EP260110a_g_com_10.wcs.fits
⏭️ Skip existing: 2026-01-13_EP260101a_g_com_10.wcs.fits
⏭️ Skip existing: 2026-01-15_EP260101a_g_com_10.wcs.fits
⏭️ Skip existing: 2026-01-16_EP251221a_g_com_10.wcs.fits
⏭️ Skip existing: 2026-01-17_EP251221a_g_com_10.wcs.fits
⏭️ Skip existing: 2026-01-20_EP260110a_g_com_9.wcs.fits
⏭️ Skip existing: 2026-01-21_EP251229a_g_com_10.wcs.fits
⏭️ Skip existing: 2026-01-21_EP260101a_g_com_9.wcs.fits
⏭️ Skip existing: 2026-01-22_EP251229a_g_com_9.wcs.fits
⏭️ Skip existing: 2026-01-22_EP260101a_g_com_10.wcs.fits
⏭️ Skip existing: 2026-01-22_EP260105a_g_com_10.wcs.fits
⏭️ Skip existing: 2026-01-22_EP260110a_g_com_10.wcs.fits
⏭️ Skip existing: 2026-01-23_EP260105b_g_com_10.wcs.fits
⏭️ Skip existing: 2026-01-23_EP260116a_g_com_10.wcs.fits
⏭️ Skip existing: 2026-01-26_EP260110a_g_com_10.wcs.fits
⏭️ Skip existing: 2026-01-27_EP260116a_g_com_10.wcs.fits
⏭️ Skip existing: 2026-02-08_EP260110a_g_com_9.wcs.fits
⏭️ Skip existing: 2026-02-10_EP260110a_g_com_9.wcs.fits
⏭️ Skip existing: 2026-02-10_EP260209a_g_com_10.wcs.fits
⏭️ Skip existing: 2026-02-11_EP260116a_g_com_10.wcs.fits
⏭️ Skip existing: 2026-02-11_EP260126a_g_com_10.wcs.fits
⏭️ Skip existing: 2026-02-15_EP260116a_g_com_10.wcs.fits
⏭️ Skip existing: 2026-02-15_EP260126a_g_com_10.wcs.fits
⏭️ Skip existing: 2026-02-15_EP260209a_g_com_10.wcs.fits
⬇️ Downloading 2026-03-10_EP260213a_g_com_6.fits → 
/home/liangrd/optical_data/EP260213a/sitian
✅ Sitian data download finished.
[ERROR] 
/home/liangrd/optical_data/EP251229a/sitian/2025-12-30_EP251229a_g_com_10.wcs.fi
ts: buffer is too small for requested array
[ERROR] 
/home/liangrd/optical_data/EP251229a/sitian/2025-12-31_EP251229a_g_com_10.wcs.fi
ts: buffer is too small for requested array
[ERROR] 
/home/liangrd/optical_data/EP260105a/WHUT/EP260105a_20260125_0013_i.fits: 
'NoneType' object has no attribute 'get'
[OK] Saved:
  - /home/liangrd/Follow_up/results/all_targets_timeline.csv
  - /home/liangrd/Follow_up/results/all_targets_timeline.png
[ERROR] 
/home/liangrd/optical_data/EP251229a/sitian/2025-12-30_EP251229a_g_com_10.wcs.fi
ts: buffer is too small for requested array
[ERROR] 
/home/liangrd/optical_data/EP251229a/sitian/2025-12-31_EP251229a_g_com_10.wcs.fi
ts: buffer is too small for requested array
[ERROR] 
/home/liangrd/optical_data/EP260105a/WHUT/EP260105a_20260125_0013_i.fits: 
'NoneType' object has no attribute 'get'
[OK] Saved interactive figure to 
/home/liangrd/Follow_up/results/all_targets_timeline.html
[OK] Saved:
  - /home/liangrd/Follow_up/results/all_targets_timeline.csv
  - /home/liangrd/Follow_up/results/all_targets_timeline.html
[OK] Saved results to /home/liangrd/Follow_up/results/all_targets_meta.csv
[master b2ed482] Update data at 2026-03-10 16:01:20.874
 31 files changed, 302 insertions(+), 189 deletions(-)
 create mode 100644 results/lcs/1RXSJ052540.6+425139_lc.png
 create mode 100644 results/lcs/EP251221a_lc.png
 create mode 100644 results/lcs/EP251229a_lc.png
 create mode 100644 results/lcs/EP260101a_lc.png
 create mode 100644 results/lcs/EP260104a_lc.png
 create mode 100644 results/lcs/EP260105a_lc.png
 create mode 100644 results/lcs/EP260105b_lc.png
 create mode 100644 results/lcs/EP260110a_lc.png
 create mode 100644 results/lcs/EP260116a_lc.png
 create mode 100644 results/lcs/EP260126a_lc.png
 create mode 100644 results/lcs/EP260128a_lc.png
 create mode 100644 results/lcs/EP260131a_lc.png
 create mode 100644 results/lcs/EP260209a_lc.png
 create mode 100644 results/lcs/WXT J001838+115903_lc.png
 create mode 100644 results/lcs/WXT J030902+581637_lc.png
To github.com:LAujust/Follow_up.git
   b60b81a..b2ed482  master -> master
===============================================
Updating Data: 2026-03-10 22:00:02.866
===============================================
Found 17 remote files.
[SKIP] File already exists: 
/home/liangrd/optical_data/EP251222a/TNOT/stack_EP251222a_rp_wcs.fits
[SKIP] Local directory does not exist for target 
'/home/tnot/EP/20251212/stack_WXTJ043559-012325_rp_wcs.fits': 
/home/liangrd/optical_data/WXTJ043559-012325/TNOT
[SKIP] File already exists: 
/home/liangrd/optical_data/EP260131a/TNOT/stack_EP260131a_rp_wcs.fits
[SKIP] Local directory does not exist for target 
'/home/tnot/EP/20251219/stack_EPJ0619.5+0606_rp_wcs.fits': 
/home/liangrd/optical_data/EPJ0619.5+0606/TNOT
[SKIP] Local directory does not exist for target 
'/home/tnot/EP/20251213/stack_WXT_J001838+115903_rp_wcs.fits': 
/home/liangrd/optical_data/WXT/TNOT
[SKIP] Local directory does not exist for target 
'/home/tnot/EP/20251208/stack_RXSJ052540.6+425139_rp_wcs.fits': 
/home/liangrd/optical_data/RXSJ052540.6+425139/TNOT
[SKIP] Local directory does not exist for target 
'/home/tnot/EP/20251208/stack_WXTJ031644+08d316_rp_wcs.fits': 
/home/liangrd/optical_data/WXTJ031644+08d316/TNOT
[SKIP] File already exists: 
/home/liangrd/optical_data/EP251222a/TNOT/stack_EP251222a_rp_wcs.fits
[SKIP] Local directory does not exist for target 
'/home/tnot/EP/20251209/stack_WXTJ032216+233553_rp_wcs.fits': 
/home/liangrd/optical_data/WXTJ032216+233553/TNOT
[SKIP] Local directory does not exist for target 
'/home/tnot/EP/20251209/stack_WXTJ110746+454221_rp_wcs.fits': 
/home/liangrd/optical_data/WXTJ110746+454221/TNOT
[SKIP] File already exists: 
/home/liangrd/optical_data/EP251221a/TNOT/stack_EP251221a_rp_wcs.fits
[SKIP] File already exists: 
/home/liangrd/optical_data/EP260209a/TNOT/stack_EP260209a_rp_wcs.fits
[SKIP] Local directory does not exist for target 
'/home/tnot/EP/20251211/stack_WXTJ2_rp_wcs.fits': 
/home/liangrd/optical_data/WXTJ2/TNOT
[SKIP] Local directory does not exist for target 
'/home/tnot/EP/20251213_Li/stack_WXT_J001838+115903_rp_wcs.fits': 
/home/liangrd/optical_data/WXT/TNOT
[SKIP] Local directory does not exist for target 
'/home/tnot/EP/20260109/stack_WXT_J030902+581637_rp_wcs.fits': 
/home/liangrd/optical_data/WXT/TNOT
[SKIP] File already exists: 
/home/liangrd/optical_data/EP251222a/TNOT/stack_EP251222a_rp_wcs.fits
[SKIP] Local directory does not exist for target 
'/home/tnot/EP/20251214/stack_EP20251214a_rp_wcs.fits': 
/home/liangrd/optical_data/EP20251214a/TNOT
🔍 Querying remote Sitian files...
📦 Found 41 files on server
⏭️ Skip existing: 2025-12-27_EP251222a_g_com_10.wcs.fits
⏭️ Skip existing: 2025-12-28_EP251222a_g_com_10.wcs.fits
⏭️ Skip existing: 2025-12-29_EP251222a_g_com_5.wcs.fits
⏭️ Skip existing: 2025-12-30_EP251229a_g_com_10.wcs.fits
⏭️ Skip existing: 2025-12-31_EP251229a_g_com_10.wcs.fits
⏭️ Skip existing: 2026-01-03_EP260101a_g_com_3.wcs.fits
⏭️ Skip existing: 2026-01-05_EP260104a_g_com_9.wcs.fits
⏭️ Skip existing: 2026-01-05_EP260105a_g_com_1.wcs.fits
⏭️ Skip existing: 2026-01-06_EP260104a_g_com_10.wcs.fits
⏭️ Skip existing: 2026-01-06_EP260105a_g_com_10.wcs.fits
⏭️ Skip existing: 2026-01-07_EP260104a_g_com_10.wcs.fits
⏭️ Skip existing: 2026-01-08_EP260101a_g_com_10.wcs.fits
⏭️ Skip existing: 2026-01-10_EP260105b_g_com_3.wcs.fits
⏭️ Skip existing: 2026-01-11_EP260110a_g_com_10.wcs.fits
⏭️ Skip existing: 2026-01-12_EP260104a_g_com_10.wcs.fits
⏭️ Skip existing: 2026-01-12_EP260105a_g_com_10.wcs.fits
⏭️ Skip existing: 2026-01-12_EP260110a_g_com_10.wcs.fits
⏭️ Skip existing: 2026-01-13_EP260101a_g_com_10.wcs.fits
⏭️ Skip existing: 2026-01-15_EP260101a_g_com_10.wcs.fits
⏭️ Skip existing: 2026-01-16_EP251221a_g_com_10.wcs.fits
⏭️ Skip existing: 2026-01-17_EP251221a_g_com_10.wcs.fits
⏭️ Skip existing: 2026-01-20_EP260110a_g_com_9.wcs.fits
⏭️ Skip existing: 2026-01-21_EP251229a_g_com_10.wcs.fits
⏭️ Skip existing: 2026-01-21_EP260101a_g_com_9.wcs.fits
⏭️ Skip existing: 2026-01-22_EP251229a_g_com_9.wcs.fits
⏭️ Skip existing: 2026-01-22_EP260101a_g_com_10.wcs.fits
⏭️ Skip existing: 2026-01-22_EP260105a_g_com_10.wcs.fits
⏭️ Skip existing: 2026-01-22_EP260110a_g_com_10.wcs.fits
⏭️ Skip existing: 2026-01-23_EP260105b_g_com_10.wcs.fits
⏭️ Skip existing: 2026-01-23_EP260116a_g_com_10.wcs.fits
⏭️ Skip existing: 2026-01-26_EP260110a_g_com_10.wcs.fits
⏭️ Skip existing: 2026-01-27_EP260116a_g_com_10.wcs.fits
⏭️ Skip existing: 2026-02-08_EP260110a_g_com_9.wcs.fits
⏭️ Skip existing: 2026-02-10_EP260110a_g_com_9.wcs.fits
⏭️ Skip existing: 2026-02-10_EP260209a_g_com_10.wcs.fits
⏭️ Skip existing: 2026-02-11_EP260116a_g_com_10.wcs.fits
⏭️ Skip existing: 2026-02-11_EP260126a_g_com_10.wcs.fits
⏭️ Skip existing: 2026-02-15_EP260116a_g_com_10.wcs.fits
⏭️ Skip existing: 2026-02-15_EP260126a_g_com_10.wcs.fits
⏭️ Skip existing: 2026-02-15_EP260209a_g_com_10.wcs.fits
⬇️ Downloading 2026-03-10_EP260213a_g_com_10.fits → 
/home/liangrd/optical_data/EP260213a/sitian
✅ Sitian data download finished.
[ERROR] 
/home/liangrd/optical_data/EP251229a/sitian/2025-12-30_EP251229a_g_com_10.wcs.fi
ts: buffer is too small for requested array
[ERROR] 
/home/liangrd/optical_data/EP251229a/sitian/2025-12-31_EP251229a_g_com_10.wcs.fi
ts: buffer is too small for requested array
[ERROR] 
/home/liangrd/optical_data/EP260105a/WHUT/EP260105a_20260125_0013_i.fits: 
'NoneType' object has no attribute 'get'
[OK] Saved:
  - /home/liangrd/Follow_up/results/all_targets_timeline.csv
  - /home/liangrd/Follow_up/results/all_targets_timeline.png
[ERROR] 
/home/liangrd/optical_data/EP251229a/sitian/2025-12-30_EP251229a_g_com_10.wcs.fi
ts: buffer is too small for requested array
[ERROR] 
/home/liangrd/optical_data/EP251229a/sitian/2025-12-31_EP251229a_g_com_10.wcs.fi
ts: buffer is too small for requested array
[ERROR] 
/home/liangrd/optical_data/EP260105a/WHUT/EP260105a_20260125_0013_i.fits: 
'NoneType' object has no attribute 'get'
[OK] Saved interactive figure to 
/home/liangrd/Follow_up/results/all_targets_timeline.html
[OK] Saved:
  - /home/liangrd/Follow_up/results/all_targets_timeline.csv
  - /home/liangrd/Follow_up/results/all_targets_timeline.html
[OK] Saved results to /home/liangrd/Follow_up/results/all_targets_meta.csv
