===============================================
Updating Data: 2026-02-06 04:00:03.220
===============================================
Found 16 remote files.
[SKIP] File already exists: 
/home/liangrd/Follow_up/optical_data/EP251222a/TNOT/stack_EP251222a_rp_wcs.fits
[SKIP] Local directory does not exist for target 
'/home/tnot/EP/20251212/stack_WXTJ043559-012325_rp_wcs.fits': 
/home/liangrd/Follow_up/optical_data/WXTJ043559-012325/TNOT
[SKIP] File already exists: 
/home/liangrd/Follow_up/optical_data/EP260131a/TNOT/stack_EP260131a_rp_wcs.fits
[SKIP] Local directory does not exist for target 
'/home/tnot/EP/20251219/stack_EPJ0619.5+0606_rp_wcs.fits': 
/home/liangrd/Follow_up/optical_data/EPJ0619.5+0606/TNOT
[SKIP] Local directory does not exist for target 
'/home/tnot/EP/20251213/stack_WXT_J001838+115903_rp_wcs.fits': 
/home/liangrd/Follow_up/optical_data/WXT/TNOT
[SKIP] Local directory does not exist for target 
'/home/tnot/EP/20251208/stack_RXSJ052540.6+425139_rp_wcs.fits': 
/home/liangrd/Follow_up/optical_data/RXSJ052540.6+425139/TNOT
[SKIP] Local directory does not exist for target 
'/home/tnot/EP/20251208/stack_WXTJ031644+08d316_rp_wcs.fits': 
/home/liangrd/Follow_up/optical_data/WXTJ031644+08d316/TNOT
[SKIP] File already exists: 
/home/liangrd/Follow_up/optical_data/EP251222a/TNOT/stack_EP251222a_rp_wcs.fits
[SKIP] Local directory does not exist for target 
'/home/tnot/EP/20251209/stack_WXTJ032216+233553_rp_wcs.fits': 
/home/liangrd/Follow_up/optical_data/WXTJ032216+233553/TNOT
[SKIP] Local directory does not exist for target 
'/home/tnot/EP/20251209/stack_WXTJ110746+454221_rp_wcs.fits': 
/home/liangrd/Follow_up/optical_data/WXTJ110746+454221/TNOT
[SKIP] File already exists: 
/home/liangrd/Follow_up/optical_data/EP251221a/TNOT/stack_EP251221a_rp_wcs.fits
[SKIP] Local directory does not exist for target 
'/home/tnot/EP/20251211/stack_WXTJ2_rp_wcs.fits': 
/home/liangrd/Follow_up/optical_data/WXTJ2/TNOT
[SKIP] Local directory does not exist for target 
'/home/tnot/EP/20251213_Li/stack_WXT_J001838+115903_rp_wcs.fits': 
/home/liangrd/Follow_up/optical_data/WXT/TNOT
[SKIP] Local directory does not exist for target 
'/home/tnot/EP/20260109/stack_WXT_J030902+581637_rp_wcs.fits': 
/home/liangrd/Follow_up/optical_data/WXT/TNOT
[SKIP] File already exists: 
/home/liangrd/Follow_up/optical_data/EP251222a/TNOT/stack_EP251222a_rp_wcs.fits
[SKIP] Local directory does not exist for target 
'/home/tnot/EP/20251214/stack_EP20251214a_rp_wcs.fits': 
/home/liangrd/Follow_up/optical_data/EP20251214a/TNOT
🔍 Querying remote Sitian files...
📦 Found 32 files on server
⏭️ Skip existing: 2025-12-27_EP251222a_g_com_10.wcs.fits
⏭️ Skip existing: 2025-12-28_EP251222a_g_com_10.wcs.fits
⏭️ Skip existing: 2025-12-29_EP251222a_g_com_5.wcs.fits
⏭️ Skip existing: 2025-12-30_EP251229a_g_com_10.wcs.fits
⏭️ Skip existing: 2025-12-31_EP251229a_g_com_10.wcs.fits
⏭️ Skip existing: 2026-01-03_EP260101a_g_com_3.wcs.fits
⏭️ Skip existing: 2026-01-05_EP260104a_g_com_9.wcs.fits
⏭️ Skip existing: 2026-01-05_EP260105a_g_com_1.wcs.fits
⏭️ Skip existing: 2026-01-06_EP260104a_g_com_10.wcs.fits
⏭️ Skip existing: 2026-01-06_EP260105a_g_com_10.wcs.fits
⏭️ Skip existing: 2026-01-07_EP260104a_g_com_10.wcs.fits
⏭️ Skip existing: 2026-01-08_EP260101a_g_com_10.wcs.fits
⏭️ Skip existing: 2026-01-10_EP260105b_g_com_3.wcs.fits
⏭️ Skip existing: 2026-01-11_EP260110a_g_com_10.wcs.fits
⏭️ Skip existing: 2026-01-12_EP260104a_g_com_10.wcs.fits
⏭️ Skip existing: 2026-01-12_EP260105a_g_com_10.wcs.fits
⏭️ Skip existing: 2026-01-12_EP260110a_g_com_10.wcs.fits
⏭️ Skip existing: 2026-01-13_EP260101a_g_com_10.wcs.fits
⏭️ Skip existing: 2026-01-15_EP260101a_g_com_10.wcs.fits
⏭️ Skip existing: 2026-01-16_EP251221a_g_com_10.wcs.fits
⏭️ Skip existing: 2026-01-17_EP251221a_g_com_10.wcs.fits
⏭️ Skip existing: 2026-01-20_EP260110a_g_com_9.wcs.fits
⏭️ Skip existing: 2026-01-21_EP251229a_g_com_10.wcs.fits
⏭️ Skip existing: 2026-01-21_EP260101a_g_com_9.wcs.fits
⏭️ Skip existing: 2026-01-22_EP251229a_g_com_9.wcs.fits
⏭️ Skip existing: 2026-01-22_EP260101a_g_com_10.wcs.fits
⏭️ Skip existing: 2026-01-22_EP260105a_g_com_10.wcs.fits
⏭️ Skip existing: 2026-01-22_EP260110a_g_com_10.wcs.fits
⏭️ Skip existing: 2026-01-23_EP260105b_g_com_10.wcs.fits
⏭️ Skip existing: 2026-01-23_EP260116a_g_com_10.wcs.fits
⏭️ Skip existing: 2026-01-26_EP260110a_g_com_10.wcs.fits
⏭️ Skip existing: 2026-01-27_EP260116a_g_com_10.wcs.fits
✅ Sitian data download finished.
[ERROR] 
/home/liangrd/Follow_up/optical_data/EP251229a/sitian/2025-12-30_EP251229a_g_com
_10.wcs.fits: buffer is too small for requested array
[ERROR] 
/home/liangrd/Follow_up/optical_data/EP251229a/sitian/2025-12-31_EP251229a_g_com
_10.wcs.fits: buffer is too small for requested array
[OK] Saved:
  - /home/liangrd/Follow_up/results/all_targets_timeline.csv
  - /home/liangrd/Follow_up/results/all_targets_timeline.png
===============================================
Updating Data: 2026-02-06 10:00:02.901
===============================================
Found 16 remote files.
[SKIP] File already exists: 
/home/liangrd/Follow_up/optical_data/EP251222a/TNOT/stack_EP251222a_rp_wcs.fits
[SKIP] Local directory does not exist for target 
'/home/tnot/EP/20251212/stack_WXTJ043559-012325_rp_wcs.fits': 
/home/liangrd/Follow_up/optical_data/WXTJ043559-012325/TNOT
[SKIP] File already exists: 
/home/liangrd/Follow_up/optical_data/EP260131a/TNOT/stack_EP260131a_rp_wcs.fits
[SKIP] Local directory does not exist for target 
'/home/tnot/EP/20251219/stack_EPJ0619.5+0606_rp_wcs.fits': 
/home/liangrd/Follow_up/optical_data/EPJ0619.5+0606/TNOT
[SKIP] Local directory does not exist for target 
'/home/tnot/EP/20251213/stack_WXT_J001838+115903_rp_wcs.fits': 
/home/liangrd/Follow_up/optical_data/WXT/TNOT
[SKIP] Local directory does not exist for target 
'/home/tnot/EP/20251208/stack_RXSJ052540.6+425139_rp_wcs.fits': 
/home/liangrd/Follow_up/optical_data/RXSJ052540.6+425139/TNOT
[SKIP] Local directory does not exist for target 
'/home/tnot/EP/20251208/stack_WXTJ031644+08d316_rp_wcs.fits': 
/home/liangrd/Follow_up/optical_data/WXTJ031644+08d316/TNOT
[SKIP] File already exists: 
/home/liangrd/Follow_up/optical_data/EP251222a/TNOT/stack_EP251222a_rp_wcs.fits
[SKIP] Local directory does not exist for target 
'/home/tnot/EP/20251209/stack_WXTJ032216+233553_rp_wcs.fits': 
/home/liangrd/Follow_up/optical_data/WXTJ032216+233553/TNOT
[SKIP] Local directory does not exist for target 
'/home/tnot/EP/20251209/stack_WXTJ110746+454221_rp_wcs.fits': 
/home/liangrd/Follow_up/optical_data/WXTJ110746+454221/TNOT
[SKIP] File already exists: 
/home/liangrd/Follow_up/optical_data/EP251221a/TNOT/stack_EP251221a_rp_wcs.fits
[SKIP] Local directory does not exist for target 
'/home/tnot/EP/20251211/stack_WXTJ2_rp_wcs.fits': 
/home/liangrd/Follow_up/optical_data/WXTJ2/TNOT
[SKIP] Local directory does not exist for target 
'/home/tnot/EP/20251213_Li/stack_WXT_J001838+115903_rp_wcs.fits': 
/home/liangrd/Follow_up/optical_data/WXT/TNOT
[SKIP] Local directory does not exist for target 
'/home/tnot/EP/20260109/stack_WXT_J030902+581637_rp_wcs.fits': 
/home/liangrd/Follow_up/optical_data/WXT/TNOT
[SKIP] File already exists: 
/home/liangrd/Follow_up/optical_data/EP251222a/TNOT/stack_EP251222a_rp_wcs.fits
[SKIP] Local directory does not exist for target 
'/home/tnot/EP/20251214/stack_EP20251214a_rp_wcs.fits': 
/home/liangrd/Follow_up/optical_data/EP20251214a/TNOT
🔍 Querying remote Sitian files...
📦 Found 32 files on server
⏭️ Skip existing: 2025-12-27_EP251222a_g_com_10.wcs.fits
⏭️ Skip existing: 2025-12-28_EP251222a_g_com_10.wcs.fits
⏭️ Skip existing: 2025-12-29_EP251222a_g_com_5.wcs.fits
⏭️ Skip existing: 2025-12-30_EP251229a_g_com_10.wcs.fits
⏭️ Skip existing: 2025-12-31_EP251229a_g_com_10.wcs.fits
⏭️ Skip existing: 2026-01-03_EP260101a_g_com_3.wcs.fits
⏭️ Skip existing: 2026-01-05_EP260104a_g_com_9.wcs.fits
⏭️ Skip existing: 2026-01-05_EP260105a_g_com_1.wcs.fits
⏭️ Skip existing: 2026-01-06_EP260104a_g_com_10.wcs.fits
⏭️ Skip existing: 2026-01-06_EP260105a_g_com_10.wcs.fits
⏭️ Skip existing: 2026-01-07_EP260104a_g_com_10.wcs.fits
⏭️ Skip existing: 2026-01-08_EP260101a_g_com_10.wcs.fits
⏭️ Skip existing: 2026-01-10_EP260105b_g_com_3.wcs.fits
⏭️ Skip existing: 2026-01-11_EP260110a_g_com_10.wcs.fits
⏭️ Skip existing: 2026-01-12_EP260104a_g_com_10.wcs.fits
⏭️ Skip existing: 2026-01-12_EP260105a_g_com_10.wcs.fits
⏭️ Skip existing: 2026-01-12_EP260110a_g_com_10.wcs.fits
⏭️ Skip existing: 2026-01-13_EP260101a_g_com_10.wcs.fits
⏭️ Skip existing: 2026-01-15_EP260101a_g_com_10.wcs.fits
⏭️ Skip existing: 2026-01-16_EP251221a_g_com_10.wcs.fits
⏭️ Skip existing: 2026-01-17_EP251221a_g_com_10.wcs.fits
⏭️ Skip existing: 2026-01-20_EP260110a_g_com_9.wcs.fits
⏭️ Skip existing: 2026-01-21_EP251229a_g_com_10.wcs.fits
⏭️ Skip existing: 2026-01-21_EP260101a_g_com_9.wcs.fits
⏭️ Skip existing: 2026-01-22_EP251229a_g_com_9.wcs.fits
⏭️ Skip existing: 2026-01-22_EP260101a_g_com_10.wcs.fits
⏭️ Skip existing: 2026-01-22_EP260105a_g_com_10.wcs.fits
⏭️ Skip existing: 2026-01-22_EP260110a_g_com_10.wcs.fits
⏭️ Skip existing: 2026-01-23_EP260105b_g_com_10.wcs.fits
⏭️ Skip existing: 2026-01-23_EP260116a_g_com_10.wcs.fits
⏭️ Skip existing: 2026-01-26_EP260110a_g_com_10.wcs.fits
⏭️ Skip existing: 2026-01-27_EP260116a_g_com_10.wcs.fits
✅ Sitian data download finished.
[ERROR] 
/home/liangrd/Follow_up/optical_data/EP251229a/sitian/2025-12-30_EP251229a_g_com
_10.wcs.fits: buffer is too small for requested array
[ERROR] 
/home/liangrd/Follow_up/optical_data/EP251229a/sitian/2025-12-31_EP251229a_g_com
_10.wcs.fits: buffer is too small for requested array
[ERROR] 
/home/liangrd/Follow_up/optical_data/EP260105a/WHUT/EP260105a_20260125_0013_i.fi
ts: 'NoneType' object has no attribute 'get'
[ERROR] 
/home/liangrd/Follow_up/optical_data/EP260105a/WHUT/EP260105a_20260125_0010_i_wc
s.fits: Input values did not match any of the formats where the format keyword 
is optional:
- 'datetime': Input values for datetime class must be datetime objects
- 'ymdhms': input must be dict or table-like
- 'iso': could not convert string to float: '.852108+00:00'
- 'isot': could not convert string to float: '.852108+00:00'
- 'yday': could not convert string to float: '.852108+00:00'
- 'datetime64': Input values for datetime64 class must be datetime64 objects
- 'fits': Time 2026-01-25T22:35:39.852108+00:00 does not match fits format
- 'byear_str': Time 2026-01-25T22:35:39.852108+00:00 does not match byear_str 
format
- 'jyear_str': Time 2026-01-25T22:35:39.852108+00:00 does not match jyear_str 
format
- 'astropy_time': Input values for astropy_time class must all be the same 
astropy Time type.
[ERROR] 
/home/liangrd/Follow_up/optical_data/EP260105a/WHUT/EP260105a_20260125_0007_i_wc
s.fits: Input values did not match any of the formats where the format keyword 
is optional:
- 'datetime': Input values for datetime class must be datetime objects
- 'ymdhms': input must be dict or table-like
- 'iso': could not convert string to float: '.651119+00:00'
- 'isot': could not convert string to float: '.651119+00:00'
- 'yday': could not convert string to float: '.651119+00:00'
- 'datetime64': Input values for datetime64 class must be datetime64 objects
- 'fits': Time 2026-01-25T21:48:44.651119+00:00 does not match fits format
- 'byear_str': Time 2026-01-25T21:48:44.651119+00:00 does not match byear_str 
format
- 'jyear_str': Time 2026-01-25T21:48:44.651119+00:00 does not match jyear_str 
format
- 'astropy_time': Input values for astropy_time class must all be the same 
astropy Time type.
[ERROR] 
/home/liangrd/Follow_up/optical_data/EP260105a/WHUT/EP260105a_20260125_0011_i_wc
s.fits: Input values did not match any of the formats where the format keyword 
is optional:
- 'datetime': Input values for datetime class must be datetime objects
- 'ymdhms': input must be dict or table-like
- 'iso': could not convert string to float: '.236115+00:00'
- 'isot': could not convert string to float: '.236115+00:00'
- 'yday': could not convert string to float: '.236115+00:00'
- 'datetime64': Input values for datetime64 class must be datetime64 objects
- 'fits': Time 2026-01-25T22:51:56.236115+00:00 does not match fits format
- 'byear_str': Time 2026-01-25T22:51:56.236115+00:00 does not match byear_str 
format
- 'jyear_str': Time 2026-01-25T22:51:56.236115+00:00 does not match jyear_str 
format
- 'astropy_time': Input values for astropy_time class must all be the same 
astropy Time type.
[ERROR] 
/home/liangrd/Follow_up/optical_data/EP260105a/WHUT/EP260105a_20260125_0005_i_wc
s.fits: Input values did not match any of the formats where the format keyword 
is optional:
- 'datetime': Input values for datetime class must be datetime objects
- 'ymdhms': input must be dict or table-like
- 'iso': could not convert string to float: '.772092+00:00'
- 'isot': could not convert string to float: '.772092+00:00'
- 'yday': could not convert string to float: '.772092+00:00'
- 'datetime64': Input values for datetime64 class must be datetime64 objects
- 'fits': Time 2026-01-25T21:18:28.772092+00:00 does not match fits format
- 'byear_str': Time 2026-01-25T21:18:28.772092+00:00 does not match byear_str 
format
- 'jyear_str': Time 2026-01-25T21:18:28.772092+00:00 does not match jyear_str 
format
- 'astropy_time': Input values for astropy_time class must all be the same 
astropy Time type.
[ERROR] 
/home/liangrd/Follow_up/optical_data/EP260105a/WHUT/EP260105a_20260125_0001_i_wc
s.fits: Input values did not match any of the formats where the format keyword 
is optional:
- 'datetime': Input values for datetime class must be datetime objects
- 'ymdhms': input must be dict or table-like
- 'iso': could not convert string to float: '.539966+00:00'
- 'isot': could not convert string to float: '.539966+00:00'
- 'yday': could not convert string to float: '.539966+00:00'
- 'datetime64': Input values for datetime64 class must be datetime64 objects
- 'fits': Time 2026-01-25T20:14:17.539966+00:00 does not match fits format
- 'byear_str': Time 2026-01-25T20:14:17.539966+00:00 does not match byear_str 
format
- 'jyear_str': Time 2026-01-25T20:14:17.539966+00:00 does not match jyear_str 
format
- 'astropy_time': Input values for astropy_time class must all be the same 
astropy Time type.
[ERROR] 
/home/liangrd/Follow_up/optical_data/EP260105a/WHUT/EP260105a_20260125_0006_i_wc
s.fits: Input values did not match any of the formats where the format keyword 
is optional:
- 'datetime': Input values for datetime class must be datetime objects
- 'ymdhms': input must be dict or table-like
- 'iso': could not convert string to float: '.698707+00:00'
- 'isot': could not convert string to float: '.698707+00:00'
- 'yday': could not convert string to float: '.698707+00:00'
- 'datetime64': Input values for datetime64 class must be datetime64 objects
- 'fits': Time 2026-01-25T21:33:40.698707+00:00 does not match fits format
- 'byear_str': Time 2026-01-25T21:33:40.698707+00:00 does not match byear_str 
format
- 'jyear_str': Time 2026-01-25T21:33:40.698707+00:00 does not match jyear_str 
format
- 'astropy_time': Input values for astropy_time class must all be the same 
astropy Time type.
[ERROR] 
/home/liangrd/Follow_up/optical_data/EP260105a/WHUT/EP260105a_20260125_0003_i_wc
s.fits: Input values did not match any of the formats where the format keyword 
is optional:
- 'datetime': Input values for datetime class must be datetime objects
- 'ymdhms': input must be dict or table-like
- 'iso': could not convert string to float: '.854785+00:00'
- 'isot': could not convert string to float: '.854785+00:00'
- 'yday': could not convert string to float: '.854785+00:00'
- 'datetime64': Input values for datetime64 class must be datetime64 objects
- 'fits': Time 2026-01-25T20:48:04.854785+00:00 does not match fits format
- 'byear_str': Time 2026-01-25T20:48:04.854785+00:00 does not match byear_str 
format
- 'jyear_str': Time 2026-01-25T20:48:04.854785+00:00 does not match jyear_str 
format
- 'astropy_time': Input values for astropy_time class must all be the same 
astropy Time type.
[ERROR] 
/home/liangrd/Follow_up/optical_data/EP260105a/WHUT/EP260105a_20260125_stack_i_w
cs.fits.fits: Input values did not match any of the formats where the format 
keyword is optional:
- 'datetime': Input values for datetime class must be datetime objects
- 'ymdhms': input must be dict or table-like
- 'iso': could not convert string to float: '.539966+00:00'
- 'isot': could not convert string to float: '.539966+00:00'
- 'yday': could not convert string to float: '.539966+00:00'
- 'datetime64': Input values for datetime64 class must be datetime64 objects
- 'fits': Time 2026-01-25T20:14:17.539966+00:00 does not match fits format
- 'byear_str': Time 2026-01-25T20:14:17.539966+00:00 does not match byear_str 
format
- 'jyear_str': Time 2026-01-25T20:14:17.539966+00:00 does not match jyear_str 
format
- 'astropy_time': Input values for astropy_time class must all be the same 
astropy Time type.
[ERROR] 
/home/liangrd/Follow_up/optical_data/EP260105a/WHUT/EP260105a_20260125_0008_i_wc
s.fits: Input values did not match any of the formats where the format keyword 
is optional:
- 'datetime': Input values for datetime class must be datetime objects
- 'ymdhms': input must be dict or table-like
- 'iso': could not convert string to float: '.828077+00:00'
- 'isot': could not convert string to float: '.828077+00:00'
- 'yday': could not convert string to float: '.828077+00:00'
- 'datetime64': Input values for datetime64 class must be datetime64 objects
- 'fits': Time 2026-01-25T22:03:49.828077+00:00 does not match fits format
- 'byear_str': Time 2026-01-25T22:03:49.828077+00:00 does not match byear_str 
format
- 'jyear_str': Time 2026-01-25T22:03:49.828077+00:00 does not match jyear_str 
format
- 'astropy_time': Input values for astropy_time class must all be the same 
astropy Time type.
[ERROR] 
/home/liangrd/Follow_up/optical_data/EP260105a/WHUT/EP260105a_20260125_0002_i_wc
s.fits: Input values did not match any of the formats where the format keyword 
is optional:
- 'datetime': Input values for datetime class must be datetime objects
- 'ymdhms': input must be dict or table-like
- 'iso': could not convert string to float: '.581974+00:00'
- 'isot': could not convert string to float: '.581974+00:00'
- 'yday': could not convert string to float: '.581974+00:00'
- 'datetime64': Input values for datetime64 class must be datetime64 objects
- 'fits': Time 2026-01-25T20:30:41.581974+00:00 does not match fits format
- 'byear_str': Time 2026-01-25T20:30:41.581974+00:00 does not match byear_str 
format
- 'jyear_str': Time 2026-01-25T20:30:41.581974+00:00 does not match jyear_str 
format
- 'astropy_time': Input values for astropy_time class must all be the same 
astropy Time type.
[ERROR] 
/home/liangrd/Follow_up/optical_data/EP260105a/WHUT/EP260105a_20260125_0012_i_wc
s.fits: Input values did not match any of the formats where the format keyword 
is optional:
- 'datetime': Input values for datetime class must be datetime objects
- 'ymdhms': input must be dict or table-like
- 'iso': could not convert string to float: '.005181+00:00'
- 'isot': could not convert string to float: '.005181+00:00'
- 'yday': could not convert string to float: '.005181+00:00'
- 'datetime64': Input values for datetime64 class must be datetime64 objects
- 'fits': Time 2026-01-25T23:07:36.005181+00:00 does not match fits format
- 'byear_str': Time 2026-01-25T23:07:36.005181+00:00 does not match byear_str 
format
- 'jyear_str': Time 2026-01-25T23:07:36.005181+00:00 does not match jyear_str 
format
- 'astropy_time': Input values for astropy_time class must all be the same 
astropy Time type.
[ERROR] 
/home/liangrd/Follow_up/optical_data/EP260105a/WHUT/EP260105a_20260125_0009_i_wc
s.fits: Input values did not match any of the formats where the format keyword 
is optional:
- 'datetime': Input values for datetime class must be datetime objects
- 'ymdhms': input must be dict or table-like
- 'iso': could not convert string to float: '.144230+00:00'
- 'isot': could not convert string to float: '.144230+00:00'
- 'yday': could not convert string to float: '.144230+00:00'
- 'datetime64': Input values for datetime64 class must be datetime64 objects
- 'fits': Time 2026-01-25T22:19:05.144230+00:00 does not match fits format
- 'byear_str': Time 2026-01-25T22:19:05.144230+00:00 does not match byear_str 
format
- 'jyear_str': Time 2026-01-25T22:19:05.144230+00:00 does not match jyear_str 
format
- 'astropy_time': Input values for astropy_time class must all be the same 
astropy Time type.
[ERROR] 
/home/liangrd/Follow_up/optical_data/EP260105a/WHUT/EP260105a_20260125_0004_i_wc
s.fits: Input values did not match any of the formats where the format keyword 
is optional:
- 'datetime': Input values for datetime class must be datetime objects
- 'ymdhms': input must be dict or table-like
- 'iso': could not convert string to float: '.395375+00:00'
- 'isot': could not convert string to float: '.395375+00:00'
- 'yday': could not convert string to float: '.395375+00:00'
- 'datetime64': Input values for datetime64 class must be datetime64 objects
- 'fits': Time 2026-01-25T21:03:16.395375+00:00 does not match fits format
- 'byear_str': Time 2026-01-25T21:03:16.395375+00:00 does not match byear_str 
format
- 'jyear_str': Time 2026-01-25T21:03:16.395375+00:00 does not match jyear_str 
format
- 'astropy_time': Input values for astropy_time class must all be the same 
astropy Time type.
[ERROR] 
/home/liangrd/Follow_up/optical_data/EP260110a/WHUT/EP260110a_20260131_0004_i_wc
s.fits: Input values did not match any of the formats where the format keyword 
is optional:
- 'datetime': Input values for datetime class must be datetime objects
- 'ymdhms': input must be dict or table-like
- 'iso': could not convert string to float: '.469730+00:00'
- 'isot': could not convert string to float: '.469730+00:00'
- 'yday': could not convert string to float: '.469730+00:00'
- 'datetime64': Input values for datetime64 class must be datetime64 objects
- 'fits': Time 2026-01-31T21:23:54.469730+00:00 does not match fits format
- 'byear_str': Time 2026-01-31T21:23:54.469730+00:00 does not match byear_str 
format
- 'jyear_str': Time 2026-01-31T21:23:54.469730+00:00 does not match jyear_str 
format
- 'astropy_time': Input values for astropy_time class must all be the same 
astropy Time type.
[ERROR] 
/home/liangrd/Follow_up/optical_data/EP260110a/WHUT/EP260110a_20260131_0005_i_wc
s.fits: Input values did not match any of the formats where the format keyword 
is optional:
- 'datetime': Input values for datetime class must be datetime objects
- 'ymdhms': input must be dict or table-like
- 'iso': could not convert string to float: '.096840+00:00'
- 'isot': could not convert string to float: '.096840+00:00'
- 'yday': could not convert string to float: '.096840+00:00'
- 'datetime64': Input values for datetime64 class must be datetime64 objects
- 'fits': Time 2026-01-31T21:25:59.096840+00:00 does not match fits format
- 'byear_str': Time 2026-01-31T21:25:59.096840+00:00 does not match byear_str 
format
- 'jyear_str': Time 2026-01-31T21:25:59.096840+00:00 does not match jyear_str 
format
- 'astropy_time': Input values for astropy_time class must all be the same 
astropy Time type.
[ERROR] 
/home/liangrd/Follow_up/optical_data/EP260110a/WHUT/EP260110a_20260131_stack_i_w
cs.fits.fits: Input values did not match any of the formats where the format 
keyword is optional:
- 'datetime': Input values for datetime class must be datetime objects
- 'ymdhms': input must be dict or table-like
- 'iso': could not convert string to float: '.096840+00:00'
- 'isot': could not convert string to float: '.096840+00:00'
- 'yday': could not convert string to float: '.096840+00:00'
- 'datetime64': Input values for datetime64 class must be datetime64 objects
- 'fits': Time 2026-01-31T21:25:59.096840+00:00 does not match fits format
- 'byear_str': Time 2026-01-31T21:25:59.096840+00:00 does not match byear_str 
format
- 'jyear_str': Time 2026-01-31T21:25:59.096840+00:00 does not match jyear_str 
format
- 'astropy_time': Input values for astropy_time class must all be the same 
astropy Time type.
[ERROR] 
/home/liangrd/Follow_up/optical_data/EP260110a/WHUT/EP260110a_20260131_0002_i_wc
s.fits: Input values did not match any of the formats where the format keyword 
is optional:
- 'datetime': Input values for datetime class must be datetime objects
- 'ymdhms': input must be dict or table-like
- 'iso': could not convert string to float: '.269184+00:00'
- 'isot': could not convert string to float: '.269184+00:00'
- 'yday': could not convert string to float: '.269184+00:00'
- 'datetime64': Input values for datetime64 class must be datetime64 objects
- 'fits': Time 2026-01-31T21:19:45.269184+00:00 does not match fits format
- 'byear_str': Time 2026-01-31T21:19:45.269184+00:00 does not match byear_str 
format
- 'jyear_str': Time 2026-01-31T21:19:45.269184+00:00 does not match jyear_str 
format
- 'astropy_time': Input values for astropy_time class must all be the same 
astropy Time type.
[ERROR] 
/home/liangrd/Follow_up/optical_data/EP260110a/WHUT/EP260110a_20260131_0003_i_wc
s.fits: Input values did not match any of the formats where the format keyword 
is optional:
- 'datetime': Input values for datetime class must be datetime objects
- 'ymdhms': input must be dict or table-like
- 'iso': could not convert string to float: '.824984+00:00'
- 'isot': could not convert string to float: '.824984+00:00'
- 'yday': could not convert string to float: '.824984+00:00'
- 'datetime64': Input values for datetime64 class must be datetime64 objects
- 'fits': Time 2026-01-31T21:21:49.824984+00:00 does not match fits format
- 'byear_str': Time 2026-01-31T21:21:49.824984+00:00 does not match byear_str 
format
- 'jyear_str': Time 2026-01-31T21:21:49.824984+00:00 does not match jyear_str 
format
- 'astropy_time': Input values for astropy_time class must all be the same 
astropy Time type.
[ERROR] 
/home/liangrd/Follow_up/optical_data/EP260110a/WHUT/EP260110a_20260131_0001_i_wc
s.fits: Input values did not match any of the formats where the format keyword 
is optional:
- 'datetime': Input values for datetime class must be datetime objects
- 'ymdhms': input must be dict or table-like
- 'iso': could not convert string to float: '.729835+00:00'
- 'isot': could not convert string to float: '.729835+00:00'
- 'yday': could not convert string to float: '.729835+00:00'
- 'datetime64': Input values for datetime64 class must be datetime64 objects
- 'fits': Time 2026-01-31T21:17:40.729835+00:00 does not match fits format
- 'byear_str': Time 2026-01-31T21:17:40.729835+00:00 does not match byear_str 
format
- 'jyear_str': Time 2026-01-31T21:17:40.729835+00:00 does not match jyear_str 
format
- 'astropy_time': Input values for astropy_time class must all be the same 
astropy Time type.
[OK] Saved:
  - /home/liangrd/Follow_up/results/all_targets_timeline.csv
  - /home/liangrd/Follow_up/results/all_targets_timeline.png
===============================================
Updating Data: 2026-02-06 16:00:03.131
===============================================
Found 16 remote files.
[SKIP] File already exists: 
/home/liangrd/Follow_up/optical_data/EP251222a/TNOT/stack_EP251222a_rp_wcs.fits
[SKIP] Local directory does not exist for target 
'/home/tnot/EP/20251212/stack_WXTJ043559-012325_rp_wcs.fits': 
/home/liangrd/Follow_up/optical_data/WXTJ043559-012325/TNOT
[SKIP] File already exists: 
/home/liangrd/Follow_up/optical_data/EP260131a/TNOT/stack_EP260131a_rp_wcs.fits
[SKIP] Local directory does not exist for target 
'/home/tnot/EP/20251219/stack_EPJ0619.5+0606_rp_wcs.fits': 
/home/liangrd/Follow_up/optical_data/EPJ0619.5+0606/TNOT
[SKIP] Local directory does not exist for target 
'/home/tnot/EP/20251213/stack_WXT_J001838+115903_rp_wcs.fits': 
/home/liangrd/Follow_up/optical_data/WXT/TNOT
[SKIP] Local directory does not exist for target 
'/home/tnot/EP/20251208/stack_RXSJ052540.6+425139_rp_wcs.fits': 
/home/liangrd/Follow_up/optical_data/RXSJ052540.6+425139/TNOT
[SKIP] Local directory does not exist for target 
'/home/tnot/EP/20251208/stack_WXTJ031644+08d316_rp_wcs.fits': 
/home/liangrd/Follow_up/optical_data/WXTJ031644+08d316/TNOT
[SKIP] File already exists: 
/home/liangrd/Follow_up/optical_data/EP251222a/TNOT/stack_EP251222a_rp_wcs.fits
[SKIP] Local directory does not exist for target 
'/home/tnot/EP/20251209/stack_WXTJ032216+233553_rp_wcs.fits': 
/home/liangrd/Follow_up/optical_data/WXTJ032216+233553/TNOT
[SKIP] Local directory does not exist for target 
'/home/tnot/EP/20251209/stack_WXTJ110746+454221_rp_wcs.fits': 
/home/liangrd/Follow_up/optical_data/WXTJ110746+454221/TNOT
[SKIP] File already exists: 
/home/liangrd/Follow_up/optical_data/EP251221a/TNOT/stack_EP251221a_rp_wcs.fits
[SKIP] Local directory does not exist for target 
'/home/tnot/EP/20251211/stack_WXTJ2_rp_wcs.fits': 
/home/liangrd/Follow_up/optical_data/WXTJ2/TNOT
[SKIP] Local directory does not exist for target 
'/home/tnot/EP/20251213_Li/stack_WXT_J001838+115903_rp_wcs.fits': 
/home/liangrd/Follow_up/optical_data/WXT/TNOT
[SKIP] Local directory does not exist for target 
'/home/tnot/EP/20260109/stack_WXT_J030902+581637_rp_wcs.fits': 
/home/liangrd/Follow_up/optical_data/WXT/TNOT
[SKIP] File already exists: 
/home/liangrd/Follow_up/optical_data/EP251222a/TNOT/stack_EP251222a_rp_wcs.fits
[SKIP] Local directory does not exist for target 
'/home/tnot/EP/20251214/stack_EP20251214a_rp_wcs.fits': 
/home/liangrd/Follow_up/optical_data/EP20251214a/TNOT
🔍 Querying remote Sitian files...
📦 Found 32 files on server
⏭️ Skip existing: 2025-12-27_EP251222a_g_com_10.wcs.fits
⏭️ Skip existing: 2025-12-28_EP251222a_g_com_10.wcs.fits
⏭️ Skip existing: 2025-12-29_EP251222a_g_com_5.wcs.fits
⏭️ Skip existing: 2025-12-30_EP251229a_g_com_10.wcs.fits
⏭️ Skip existing: 2025-12-31_EP251229a_g_com_10.wcs.fits
⏭️ Skip existing: 2026-01-03_EP260101a_g_com_3.wcs.fits
⏭️ Skip existing: 2026-01-05_EP260104a_g_com_9.wcs.fits
⏭️ Skip existing: 2026-01-05_EP260105a_g_com_1.wcs.fits
⏭️ Skip existing: 2026-01-06_EP260104a_g_com_10.wcs.fits
⏭️ Skip existing: 2026-01-06_EP260105a_g_com_10.wcs.fits
⏭️ Skip existing: 2026-01-07_EP260104a_g_com_10.wcs.fits
⏭️ Skip existing: 2026-01-08_EP260101a_g_com_10.wcs.fits
⏭️ Skip existing: 2026-01-10_EP260105b_g_com_3.wcs.fits
⏭️ Skip existing: 2026-01-11_EP260110a_g_com_10.wcs.fits
⏭️ Skip existing: 2026-01-12_EP260104a_g_com_10.wcs.fits
⏭️ Skip existing: 2026-01-12_EP260105a_g_com_10.wcs.fits
⏭️ Skip existing: 2026-01-12_EP260110a_g_com_10.wcs.fits
⏭️ Skip existing: 2026-01-13_EP260101a_g_com_10.wcs.fits
⏭️ Skip existing: 2026-01-15_EP260101a_g_com_10.wcs.fits
⏭️ Skip existing: 2026-01-16_EP251221a_g_com_10.wcs.fits
⏭️ Skip existing: 2026-01-17_EP251221a_g_com_10.wcs.fits
⏭️ Skip existing: 2026-01-20_EP260110a_g_com_9.wcs.fits
⏭️ Skip existing: 2026-01-21_EP251229a_g_com_10.wcs.fits
⏭️ Skip existing: 2026-01-21_EP260101a_g_com_9.wcs.fits
⏭️ Skip existing: 2026-01-22_EP251229a_g_com_9.wcs.fits
⏭️ Skip existing: 2026-01-22_EP260101a_g_com_10.wcs.fits
⏭️ Skip existing: 2026-01-22_EP260105a_g_com_10.wcs.fits
⏭️ Skip existing: 2026-01-22_EP260110a_g_com_10.wcs.fits
⏭️ Skip existing: 2026-01-23_EP260105b_g_com_10.wcs.fits
⏭️ Skip existing: 2026-01-23_EP260116a_g_com_10.wcs.fits
⏭️ Skip existing: 2026-01-26_EP260110a_g_com_10.wcs.fits
⏭️ Skip existing: 2026-01-27_EP260116a_g_com_10.wcs.fits
✅ Sitian data download finished.
[ERROR] 
/home/liangrd/Follow_up/optical_data/EP251229a/sitian/2025-12-30_EP251229a_g_com
_10.wcs.fits: buffer is too small for requested array
[ERROR] 
/home/liangrd/Follow_up/optical_data/EP251229a/sitian/2025-12-31_EP251229a_g_com
_10.wcs.fits: buffer is too small for requested array
[ERROR] 
/home/liangrd/Follow_up/optical_data/EP260105a/WHUT/EP260105a_20260125_0013_i.fi
ts: 'NoneType' object has no attribute 'get'
[OK] Saved:
  - /home/liangrd/Follow_up/results/all_targets_timeline.csv
  - /home/liangrd/Follow_up/results/all_targets_timeline.png
===============================================
Updating Data: 2026-02-06 22:00:03.289
===============================================
Found 16 remote files.
[SKIP] File already exists: 
/home/liangrd/Follow_up/optical_data/EP251222a/TNOT/stack_EP251222a_rp_wcs.fits
[SKIP] Local directory does not exist for target 
'/home/tnot/EP/20251212/stack_WXTJ043559-012325_rp_wcs.fits': 
/home/liangrd/Follow_up/optical_data/WXTJ043559-012325/TNOT
[SKIP] File already exists: 
/home/liangrd/Follow_up/optical_data/EP260131a/TNOT/stack_EP260131a_rp_wcs.fits
[SKIP] Local directory does not exist for target 
'/home/tnot/EP/20251219/stack_EPJ0619.5+0606_rp_wcs.fits': 
/home/liangrd/Follow_up/optical_data/EPJ0619.5+0606/TNOT
[SKIP] Local directory does not exist for target 
'/home/tnot/EP/20251213/stack_WXT_J001838+115903_rp_wcs.fits': 
/home/liangrd/Follow_up/optical_data/WXT/TNOT
[SKIP] Local directory does not exist for target 
'/home/tnot/EP/20251208/stack_RXSJ052540.6+425139_rp_wcs.fits': 
/home/liangrd/Follow_up/optical_data/RXSJ052540.6+425139/TNOT
[SKIP] Local directory does not exist for target 
'/home/tnot/EP/20251208/stack_WXTJ031644+08d316_rp_wcs.fits': 
/home/liangrd/Follow_up/optical_data/WXTJ031644+08d316/TNOT
[SKIP] File already exists: 
/home/liangrd/Follow_up/optical_data/EP251222a/TNOT/stack_EP251222a_rp_wcs.fits
[SKIP] Local directory does not exist for target 
'/home/tnot/EP/20251209/stack_WXTJ032216+233553_rp_wcs.fits': 
/home/liangrd/Follow_up/optical_data/WXTJ032216+233553/TNOT
[SKIP] Local directory does not exist for target 
'/home/tnot/EP/20251209/stack_WXTJ110746+454221_rp_wcs.fits': 
/home/liangrd/Follow_up/optical_data/WXTJ110746+454221/TNOT
[SKIP] File already exists: 
/home/liangrd/Follow_up/optical_data/EP251221a/TNOT/stack_EP251221a_rp_wcs.fits
[SKIP] Local directory does not exist for target 
'/home/tnot/EP/20251211/stack_WXTJ2_rp_wcs.fits': 
/home/liangrd/Follow_up/optical_data/WXTJ2/TNOT
[SKIP] Local directory does not exist for target 
'/home/tnot/EP/20251213_Li/stack_WXT_J001838+115903_rp_wcs.fits': 
/home/liangrd/Follow_up/optical_data/WXT/TNOT
[SKIP] Local directory does not exist for target 
'/home/tnot/EP/20260109/stack_WXT_J030902+581637_rp_wcs.fits': 
/home/liangrd/Follow_up/optical_data/WXT/TNOT
[SKIP] File already exists: 
/home/liangrd/Follow_up/optical_data/EP251222a/TNOT/stack_EP251222a_rp_wcs.fits
[SKIP] Local directory does not exist for target 
'/home/tnot/EP/20251214/stack_EP20251214a_rp_wcs.fits': 
/home/liangrd/Follow_up/optical_data/EP20251214a/TNOT
🔍 Querying remote Sitian files...
📦 Found 32 files on server
⏭️ Skip existing: 2025-12-27_EP251222a_g_com_10.wcs.fits
⏭️ Skip existing: 2025-12-28_EP251222a_g_com_10.wcs.fits
⏭️ Skip existing: 2025-12-29_EP251222a_g_com_5.wcs.fits
⏭️ Skip existing: 2025-12-30_EP251229a_g_com_10.wcs.fits
⏭️ Skip existing: 2025-12-31_EP251229a_g_com_10.wcs.fits
⏭️ Skip existing: 2026-01-03_EP260101a_g_com_3.wcs.fits
⏭️ Skip existing: 2026-01-05_EP260104a_g_com_9.wcs.fits
⏭️ Skip existing: 2026-01-05_EP260105a_g_com_1.wcs.fits
⏭️ Skip existing: 2026-01-06_EP260104a_g_com_10.wcs.fits
⏭️ Skip existing: 2026-01-06_EP260105a_g_com_10.wcs.fits
⏭️ Skip existing: 2026-01-07_EP260104a_g_com_10.wcs.fits
⏭️ Skip existing: 2026-01-08_EP260101a_g_com_10.wcs.fits
⏭️ Skip existing: 2026-01-10_EP260105b_g_com_3.wcs.fits
⏭️ Skip existing: 2026-01-11_EP260110a_g_com_10.wcs.fits
⏭️ Skip existing: 2026-01-12_EP260104a_g_com_10.wcs.fits
⏭️ Skip existing: 2026-01-12_EP260105a_g_com_10.wcs.fits
⏭️ Skip existing: 2026-01-12_EP260110a_g_com_10.wcs.fits
⏭️ Skip existing: 2026-01-13_EP260101a_g_com_10.wcs.fits
⏭️ Skip existing: 2026-01-15_EP260101a_g_com_10.wcs.fits
⏭️ Skip existing: 2026-01-16_EP251221a_g_com_10.wcs.fits
⏭️ Skip existing: 2026-01-17_EP251221a_g_com_10.wcs.fits
⏭️ Skip existing: 2026-01-20_EP260110a_g_com_9.wcs.fits
⏭️ Skip existing: 2026-01-21_EP251229a_g_com_10.wcs.fits
⏭️ Skip existing: 2026-01-21_EP260101a_g_com_9.wcs.fits
⏭️ Skip existing: 2026-01-22_EP251229a_g_com_9.wcs.fits
⏭️ Skip existing: 2026-01-22_EP260101a_g_com_10.wcs.fits
⏭️ Skip existing: 2026-01-22_EP260105a_g_com_10.wcs.fits
⏭️ Skip existing: 2026-01-22_EP260110a_g_com_10.wcs.fits
⏭️ Skip existing: 2026-01-23_EP260105b_g_com_10.wcs.fits
⏭️ Skip existing: 2026-01-23_EP260116a_g_com_10.wcs.fits
⏭️ Skip existing: 2026-01-26_EP260110a_g_com_10.wcs.fits
⏭️ Skip existing: 2026-01-27_EP260116a_g_com_10.wcs.fits
✅ Sitian data download finished.
[ERROR] 
/home/liangrd/Follow_up/optical_data/EP251229a/sitian/2025-12-30_EP251229a_g_com
_10.wcs.fits: buffer is too small for requested array
[ERROR] 
/home/liangrd/Follow_up/optical_data/EP251229a/sitian/2025-12-31_EP251229a_g_com
_10.wcs.fits: buffer is too small for requested array
[ERROR] 
/home/liangrd/Follow_up/optical_data/EP260105a/WHUT/EP260105a_20260125_0013_i.fi
ts: 'NoneType' object has no attribute 'get'
[OK] Saved:
  - /home/liangrd/Follow_up/results/all_targets_timeline.csv
  - /home/liangrd/Follow_up/results/all_targets_timeline.png
