===============================================
Updating Data: 2026-03-03 04:00:04.869
===============================================
Found 17 remote files.
[SKIP] File already exists: 
/home/liangrd/Follow_up/optical_data/EP251222a/TNOT/stack_EP251222a_rp_wcs.fits
[SKIP] Local directory does not exist for target 
'/home/tnot/EP/20251212/stack_WXTJ043559-012325_rp_wcs.fits': 
/home/liangrd/Follow_up/optical_data/WXTJ043559-012325/TNOT
[SKIP] File already exists: 
/home/liangrd/Follow_up/optical_data/EP260131a/TNOT/stack_EP260131a_rp_wcs.fits
[SKIP] Local directory does not exist for target 
'/home/tnot/EP/20251219/stack_EPJ0619.5+0606_rp_wcs.fits': 
/home/liangrd/Follow_up/optical_data/EPJ0619.5+0606/TNOT
[SKIP] Local directory does not exist for target 
'/home/tnot/EP/20251213/stack_WXT_J001838+115903_rp_wcs.fits': 
/home/liangrd/Follow_up/optical_data/WXT/TNOT
[SKIP] Local directory does not exist for target 
'/home/tnot/EP/20251208/stack_RXSJ052540.6+425139_rp_wcs.fits': 
/home/liangrd/Follow_up/optical_data/RXSJ052540.6+425139/TNOT
[SKIP] Local directory does not exist for target 
'/home/tnot/EP/20251208/stack_WXTJ031644+08d316_rp_wcs.fits': 
/home/liangrd/Follow_up/optical_data/WXTJ031644+08d316/TNOT
[SKIP] File already exists: 
/home/liangrd/Follow_up/optical_data/EP251222a/TNOT/stack_EP251222a_rp_wcs.fits
[SKIP] Local directory does not exist for target 
'/home/tnot/EP/20251209/stack_WXTJ032216+233553_rp_wcs.fits': 
/home/liangrd/Follow_up/optical_data/WXTJ032216+233553/TNOT
[SKIP] Local directory does not exist for target 
'/home/tnot/EP/20251209/stack_WXTJ110746+454221_rp_wcs.fits': 
/home/liangrd/Follow_up/optical_data/WXTJ110746+454221/TNOT
[SKIP] File already exists: 
/home/liangrd/Follow_up/optical_data/EP251221a/TNOT/stack_EP251221a_rp_wcs.fits
[SKIP] File already exists: 
/home/liangrd/Follow_up/optical_data/EP260209a/TNOT/stack_EP260209a_rp_wcs.fits
[SKIP] Local directory does not exist for target 
'/home/tnot/EP/20251211/stack_WXTJ2_rp_wcs.fits': 
/home/liangrd/Follow_up/optical_data/WXTJ2/TNOT
[SKIP] Local directory does not exist for target 
'/home/tnot/EP/20251213_Li/stack_WXT_J001838+115903_rp_wcs.fits': 
/home/liangrd/Follow_up/optical_data/WXT/TNOT
[SKIP] Local directory does not exist for target 
'/home/tnot/EP/20260109/stack_WXT_J030902+581637_rp_wcs.fits': 
/home/liangrd/Follow_up/optical_data/WXT/TNOT
[SKIP] File already exists: 
/home/liangrd/Follow_up/optical_data/EP251222a/TNOT/stack_EP251222a_rp_wcs.fits
[SKIP] Local directory does not exist for target 
'/home/tnot/EP/20251214/stack_EP20251214a_rp_wcs.fits': 
/home/liangrd/Follow_up/optical_data/EP20251214a/TNOT
🔍 Querying remote Sitian files...
📦 Found 40 files on server
⏭️ Skip existing: 2025-12-27_EP251222a_g_com_10.wcs.fits
⏭️ Skip existing: 2025-12-28_EP251222a_g_com_10.wcs.fits
⏭️ Skip existing: 2025-12-29_EP251222a_g_com_5.wcs.fits
⏭️ Skip existing: 2025-12-30_EP251229a_g_com_10.wcs.fits
⏭️ Skip existing: 2025-12-31_EP251229a_g_com_10.wcs.fits
⏭️ Skip existing: 2026-01-03_EP260101a_g_com_3.wcs.fits
⏭️ Skip existing: 2026-01-05_EP260104a_g_com_9.wcs.fits
⏭️ Skip existing: 2026-01-05_EP260105a_g_com_1.wcs.fits
⏭️ Skip existing: 2026-01-06_EP260104a_g_com_10.wcs.fits
⏭️ Skip existing: 2026-01-06_EP260105a_g_com_10.wcs.fits
⏭️ Skip existing: 2026-01-07_EP260104a_g_com_10.wcs.fits
⏭️ Skip existing: 2026-01-08_EP260101a_g_com_10.wcs.fits
⏭️ Skip existing: 2026-01-10_EP260105b_g_com_3.wcs.fits
⏭️ Skip existing: 2026-01-11_EP260110a_g_com_10.wcs.fits
⏭️ Skip existing: 2026-01-12_EP260104a_g_com_10.wcs.fits
⏭️ Skip existing: 2026-01-12_EP260105a_g_com_10.wcs.fits
⏭️ Skip existing: 2026-01-12_EP260110a_g_com_10.wcs.fits
⏭️ Skip existing: 2026-01-13_EP260101a_g_com_10.wcs.fits
⏭️ Skip existing: 2026-01-15_EP260101a_g_com_10.wcs.fits
⏭️ Skip existing: 2026-01-16_EP251221a_g_com_10.wcs.fits
⏭️ Skip existing: 2026-01-17_EP251221a_g_com_10.wcs.fits
⏭️ Skip existing: 2026-01-20_EP260110a_g_com_9.wcs.fits
⏭️ Skip existing: 2026-01-21_EP251229a_g_com_10.wcs.fits
⏭️ Skip existing: 2026-01-21_EP260101a_g_com_9.wcs.fits
⏭️ Skip existing: 2026-01-22_EP251229a_g_com_9.wcs.fits
⏭️ Skip existing: 2026-01-22_EP260101a_g_com_10.wcs.fits
⏭️ Skip existing: 2026-01-22_EP260105a_g_com_10.wcs.fits
⏭️ Skip existing: 2026-01-22_EP260110a_g_com_10.wcs.fits
⏭️ Skip existing: 2026-01-23_EP260105b_g_com_10.wcs.fits
⏭️ Skip existing: 2026-01-23_EP260116a_g_com_10.wcs.fits
⏭️ Skip existing: 2026-01-26_EP260110a_g_com_10.wcs.fits
⏭️ Skip existing: 2026-01-27_EP260116a_g_com_10.wcs.fits
⏭️ Skip existing: 2026-02-08_EP260110a_g_com_9.wcs.fits
⏭️ Skip existing: 2026-02-10_EP260110a_g_com_9.wcs.fits
⏭️ Skip existing: 2026-02-10_EP260209a_g_com_10.wcs.fits
⏭️ Skip existing: 2026-02-11_EP260116a_g_com_10.wcs.fits
⏭️ Skip existing: 2026-02-11_EP260126a_g_com_10.wcs.fits
⏭️ Skip existing: 2026-02-15_EP260116a_g_com_10.wcs.fits
⏭️ Skip existing: 2026-02-15_EP260126a_g_com_10.wcs.fits
⏭️ Skip existing: 2026-02-15_EP260209a_g_com_10.wcs.fits
✅ Sitian data download finished.
[ERROR] 
/home/liangrd/Follow_up/optical_data/EP251229a/sitian/2025-12-30_EP251229a_g_com
_10.wcs.fits: buffer is too small for requested array
[ERROR] 
/home/liangrd/Follow_up/optical_data/EP251229a/sitian/2025-12-31_EP251229a_g_com
_10.wcs.fits: buffer is too small for requested array
[ERROR] 
/home/liangrd/Follow_up/optical_data/EP260105a/WHUT/EP260105a_20260125_0013_i.fi
ts: 'NoneType' object has no attribute 'get'
[OK] Saved:
  - /home/liangrd/Follow_up/results/all_targets_timeline.csv
  - /home/liangrd/Follow_up/results/all_targets_timeline.png
[ERROR] 
/home/liangrd/Follow_up/optical_data/EP251229a/sitian/2025-12-30_EP251229a_g_com
_10.wcs.fits: buffer is too small for requested array
[ERROR] 
/home/liangrd/Follow_up/optical_data/EP251229a/sitian/2025-12-31_EP251229a_g_com
_10.wcs.fits: buffer is too small for requested array
[ERROR] 
/home/liangrd/Follow_up/optical_data/EP260105a/WHUT/EP260105a_20260125_0013_i.fi
ts: 'NoneType' object has no attribute 'get'
[OK] Saved:
  - /home/liangrd/Follow_up/results/all_targets_timeline.csv
  - /home/liangrd/Follow_up/results/all_targets_timeline.html
[OK] Saved results to /home/liangrd/Follow_up/results/all_targets_meta.csv
===============================================
Updating Data: 2026-03-03 10:00:04.523
===============================================
Found 17 remote files.
[SKIP] File already exists: 
/home/liangrd/optical_data/EP251222a/TNOT/stack_EP251222a_rp_wcs.fits
[SKIP] Local directory does not exist for target 
'/home/tnot/EP/20251212/stack_WXTJ043559-012325_rp_wcs.fits': 
/home/liangrd/optical_data/WXTJ043559-012325/TNOT
[SKIP] File already exists: 
/home/liangrd/optical_data/EP260131a/TNOT/stack_EP260131a_rp_wcs.fits
[SKIP] Local directory does not exist for target 
'/home/tnot/EP/20251219/stack_EPJ0619.5+0606_rp_wcs.fits': 
/home/liangrd/optical_data/EPJ0619.5+0606/TNOT
[SKIP] Local directory does not exist for target 
'/home/tnot/EP/20251213/stack_WXT_J001838+115903_rp_wcs.fits': 
/home/liangrd/optical_data/WXT/TNOT
[SKIP] Local directory does not exist for target 
'/home/tnot/EP/20251208/stack_RXSJ052540.6+425139_rp_wcs.fits': 
/home/liangrd/optical_data/RXSJ052540.6+425139/TNOT
[SKIP] Local directory does not exist for target 
'/home/tnot/EP/20251208/stack_WXTJ031644+08d316_rp_wcs.fits': 
/home/liangrd/optical_data/WXTJ031644+08d316/TNOT
[SKIP] File already exists: 
/home/liangrd/optical_data/EP251222a/TNOT/stack_EP251222a_rp_wcs.fits
[SKIP] Local directory does not exist for target 
'/home/tnot/EP/20251209/stack_WXTJ032216+233553_rp_wcs.fits': 
/home/liangrd/optical_data/WXTJ032216+233553/TNOT
[SKIP] Local directory does not exist for target 
'/home/tnot/EP/20251209/stack_WXTJ110746+454221_rp_wcs.fits': 
/home/liangrd/optical_data/WXTJ110746+454221/TNOT
[SKIP] File already exists: 
/home/liangrd/optical_data/EP251221a/TNOT/stack_EP251221a_rp_wcs.fits
[SKIP] File already exists: 
/home/liangrd/optical_data/EP260209a/TNOT/stack_EP260209a_rp_wcs.fits
[SKIP] Local directory does not exist for target 
'/home/tnot/EP/20251211/stack_WXTJ2_rp_wcs.fits': 
/home/liangrd/optical_data/WXTJ2/TNOT
[SKIP] Local directory does not exist for target 
'/home/tnot/EP/20251213_Li/stack_WXT_J001838+115903_rp_wcs.fits': 
/home/liangrd/optical_data/WXT/TNOT
[SKIP] Local directory does not exist for target 
'/home/tnot/EP/20260109/stack_WXT_J030902+581637_rp_wcs.fits': 
/home/liangrd/optical_data/WXT/TNOT
[SKIP] File already exists: 
/home/liangrd/optical_data/EP251222a/TNOT/stack_EP251222a_rp_wcs.fits
[SKIP] Local directory does not exist for target 
'/home/tnot/EP/20251214/stack_EP20251214a_rp_wcs.fits': 
/home/liangrd/optical_data/EP20251214a/TNOT
🔍 Querying remote Sitian files...
📦 Found 40 files on server
⏭️ Skip existing: 2025-12-27_EP251222a_g_com_10.wcs.fits
⏭️ Skip existing: 2025-12-28_EP251222a_g_com_10.wcs.fits
⏭️ Skip existing: 2025-12-29_EP251222a_g_com_5.wcs.fits
⏭️ Skip existing: 2025-12-30_EP251229a_g_com_10.wcs.fits
⏭️ Skip existing: 2025-12-31_EP251229a_g_com_10.wcs.fits
⏭️ Skip existing: 2026-01-03_EP260101a_g_com_3.wcs.fits
⏭️ Skip existing: 2026-01-05_EP260104a_g_com_9.wcs.fits
⏭️ Skip existing: 2026-01-05_EP260105a_g_com_1.wcs.fits
⏭️ Skip existing: 2026-01-06_EP260104a_g_com_10.wcs.fits
⏭️ Skip existing: 2026-01-06_EP260105a_g_com_10.wcs.fits
⏭️ Skip existing: 2026-01-07_EP260104a_g_com_10.wcs.fits
⏭️ Skip existing: 2026-01-08_EP260101a_g_com_10.wcs.fits
⏭️ Skip existing: 2026-01-10_EP260105b_g_com_3.wcs.fits
⏭️ Skip existing: 2026-01-11_EP260110a_g_com_10.wcs.fits
⏭️ Skip existing: 2026-01-12_EP260104a_g_com_10.wcs.fits
⏭️ Skip existing: 2026-01-12_EP260105a_g_com_10.wcs.fits
⏭️ Skip existing: 2026-01-12_EP260110a_g_com_10.wcs.fits
⏭️ Skip existing: 2026-01-13_EP260101a_g_com_10.wcs.fits
⏭️ Skip existing: 2026-01-15_EP260101a_g_com_10.wcs.fits
⏭️ Skip existing: 2026-01-16_EP251221a_g_com_10.wcs.fits
⏭️ Skip existing: 2026-01-17_EP251221a_g_com_10.wcs.fits
⏭️ Skip existing: 2026-01-20_EP260110a_g_com_9.wcs.fits
⏭️ Skip existing: 2026-01-21_EP251229a_g_com_10.wcs.fits
⏭️ Skip existing: 2026-01-21_EP260101a_g_com_9.wcs.fits
⏭️ Skip existing: 2026-01-22_EP251229a_g_com_9.wcs.fits
⏭️ Skip existing: 2026-01-22_EP260101a_g_com_10.wcs.fits
⏭️ Skip existing: 2026-01-22_EP260105a_g_com_10.wcs.fits
⏭️ Skip existing: 2026-01-22_EP260110a_g_com_10.wcs.fits
⏭️ Skip existing: 2026-01-23_EP260105b_g_com_10.wcs.fits
⏭️ Skip existing: 2026-01-23_EP260116a_g_com_10.wcs.fits
⏭️ Skip existing: 2026-01-26_EP260110a_g_com_10.wcs.fits
⏭️ Skip existing: 2026-01-27_EP260116a_g_com_10.wcs.fits
⏭️ Skip existing: 2026-02-08_EP260110a_g_com_9.wcs.fits
⏭️ Skip existing: 2026-02-10_EP260110a_g_com_9.wcs.fits
⏭️ Skip existing: 2026-02-10_EP260209a_g_com_10.wcs.fits
⏭️ Skip existing: 2026-02-11_EP260116a_g_com_10.wcs.fits
⏭️ Skip existing: 2026-02-11_EP260126a_g_com_10.wcs.fits
⏭️ Skip existing: 2026-02-15_EP260116a_g_com_10.wcs.fits
⏭️ Skip existing: 2026-02-15_EP260126a_g_com_10.wcs.fits
⏭️ Skip existing: 2026-02-15_EP260209a_g_com_10.wcs.fits
✅ Sitian data download finished.
[ERROR] 
/home/liangrd/optical_data/EP251229a/sitian/2025-12-30_EP251229a_g_com_10.wcs.fi
ts: buffer is too small for requested array
[ERROR] 
/home/liangrd/optical_data/EP251229a/sitian/2025-12-31_EP251229a_g_com_10.wcs.fi
ts: buffer is too small for requested array
[ERROR] 
/home/liangrd/optical_data/EP260105a/WHUT/EP260105a_20260125_0013_i.fits: 
'NoneType' object has no attribute 'get'
[OK] Saved:
  - /home/liangrd/Follow_up/results/all_targets_timeline.csv
  - /home/liangrd/Follow_up/results/all_targets_timeline.png
[ERROR] 
/home/liangrd/optical_data/EP251229a/sitian/2025-12-30_EP251229a_g_com_10.wcs.fi
ts: buffer is too small for requested array
[ERROR] 
/home/liangrd/optical_data/EP251229a/sitian/2025-12-31_EP251229a_g_com_10.wcs.fi
ts: buffer is too small for requested array
[ERROR] 
/home/liangrd/optical_data/EP260105a/WHUT/EP260105a_20260125_0013_i.fits: 
'NoneType' object has no attribute 'get'
[OK] Saved interactive figure to 
/home/liangrd/Follow_up/results/all_targets_timeline.html
[OK] Saved:
  - /home/liangrd/Follow_up/results/all_targets_timeline.csv
  - /home/liangrd/Follow_up/results/all_targets_timeline.html
[OK] Saved results to /home/liangrd/Follow_up/results/all_targets_meta.csv
[master c8f0a1f] Update data at 2026-03-03 10:05:14.585
 7 files changed, 153 insertions(+), 34 deletions(-)
To github.com:LAujust/Follow_up.git
   756a8f9..c8f0a1f  master -> master
===============================================
Updating Data: 2026-03-03 16:00:05.098
===============================================
Found 17 remote files.
[SKIP] File already exists: 
/home/liangrd/optical_data/EP251222a/TNOT/stack_EP251222a_rp_wcs.fits
[SKIP] Local directory does not exist for target 
'/home/tnot/EP/20251212/stack_WXTJ043559-012325_rp_wcs.fits': 
/home/liangrd/optical_data/WXTJ043559-012325/TNOT
[SKIP] File already exists: 
/home/liangrd/optical_data/EP260131a/TNOT/stack_EP260131a_rp_wcs.fits
[SKIP] Local directory does not exist for target 
'/home/tnot/EP/20251219/stack_EPJ0619.5+0606_rp_wcs.fits': 
/home/liangrd/optical_data/EPJ0619.5+0606/TNOT
[SKIP] Local directory does not exist for target 
'/home/tnot/EP/20251213/stack_WXT_J001838+115903_rp_wcs.fits': 
/home/liangrd/optical_data/WXT/TNOT
[SKIP] Local directory does not exist for target 
'/home/tnot/EP/20251208/stack_RXSJ052540.6+425139_rp_wcs.fits': 
/home/liangrd/optical_data/RXSJ052540.6+425139/TNOT
[SKIP] Local directory does not exist for target 
'/home/tnot/EP/20251208/stack_WXTJ031644+08d316_rp_wcs.fits': 
/home/liangrd/optical_data/WXTJ031644+08d316/TNOT
[SKIP] File already exists: 
/home/liangrd/optical_data/EP251222a/TNOT/stack_EP251222a_rp_wcs.fits
[SKIP] Local directory does not exist for target 
'/home/tnot/EP/20251209/stack_WXTJ032216+233553_rp_wcs.fits': 
/home/liangrd/optical_data/WXTJ032216+233553/TNOT
[SKIP] Local directory does not exist for target 
'/home/tnot/EP/20251209/stack_WXTJ110746+454221_rp_wcs.fits': 
/home/liangrd/optical_data/WXTJ110746+454221/TNOT
[SKIP] File already exists: 
/home/liangrd/optical_data/EP251221a/TNOT/stack_EP251221a_rp_wcs.fits
[SKIP] File already exists: 
/home/liangrd/optical_data/EP260209a/TNOT/stack_EP260209a_rp_wcs.fits
[SKIP] Local directory does not exist for target 
'/home/tnot/EP/20251211/stack_WXTJ2_rp_wcs.fits': 
/home/liangrd/optical_data/WXTJ2/TNOT
[SKIP] Local directory does not exist for target 
'/home/tnot/EP/20251213_Li/stack_WXT_J001838+115903_rp_wcs.fits': 
/home/liangrd/optical_data/WXT/TNOT
[SKIP] Local directory does not exist for target 
'/home/tnot/EP/20260109/stack_WXT_J030902+581637_rp_wcs.fits': 
/home/liangrd/optical_data/WXT/TNOT
[SKIP] File already exists: 
/home/liangrd/optical_data/EP251222a/TNOT/stack_EP251222a_rp_wcs.fits
[SKIP] Local directory does not exist for target 
'/home/tnot/EP/20251214/stack_EP20251214a_rp_wcs.fits': 
/home/liangrd/optical_data/EP20251214a/TNOT
🔍 Querying remote Sitian files...
📦 Found 40 files on server
⏭️ Skip existing: 2025-12-27_EP251222a_g_com_10.wcs.fits
⏭️ Skip existing: 2025-12-28_EP251222a_g_com_10.wcs.fits
⏭️ Skip existing: 2025-12-29_EP251222a_g_com_5.wcs.fits
⏭️ Skip existing: 2025-12-30_EP251229a_g_com_10.wcs.fits
⏭️ Skip existing: 2025-12-31_EP251229a_g_com_10.wcs.fits
⏭️ Skip existing: 2026-01-03_EP260101a_g_com_3.wcs.fits
⏭️ Skip existing: 2026-01-05_EP260104a_g_com_9.wcs.fits
⏭️ Skip existing: 2026-01-05_EP260105a_g_com_1.wcs.fits
⏭️ Skip existing: 2026-01-06_EP260104a_g_com_10.wcs.fits
⏭️ Skip existing: 2026-01-06_EP260105a_g_com_10.wcs.fits
⏭️ Skip existing: 2026-01-07_EP260104a_g_com_10.wcs.fits
⏭️ Skip existing: 2026-01-08_EP260101a_g_com_10.wcs.fits
⏭️ Skip existing: 2026-01-10_EP260105b_g_com_3.wcs.fits
⏭️ Skip existing: 2026-01-11_EP260110a_g_com_10.wcs.fits
⏭️ Skip existing: 2026-01-12_EP260104a_g_com_10.wcs.fits
⏭️ Skip existing: 2026-01-12_EP260105a_g_com_10.wcs.fits
⏭️ Skip existing: 2026-01-12_EP260110a_g_com_10.wcs.fits
⏭️ Skip existing: 2026-01-13_EP260101a_g_com_10.wcs.fits
⏭️ Skip existing: 2026-01-15_EP260101a_g_com_10.wcs.fits
⏭️ Skip existing: 2026-01-16_EP251221a_g_com_10.wcs.fits
⏭️ Skip existing: 2026-01-17_EP251221a_g_com_10.wcs.fits
⏭️ Skip existing: 2026-01-20_EP260110a_g_com_9.wcs.fits
⏭️ Skip existing: 2026-01-21_EP251229a_g_com_10.wcs.fits
⏭️ Skip existing: 2026-01-21_EP260101a_g_com_9.wcs.fits
⏭️ Skip existing: 2026-01-22_EP251229a_g_com_9.wcs.fits
⏭️ Skip existing: 2026-01-22_EP260101a_g_com_10.wcs.fits
⏭️ Skip existing: 2026-01-22_EP260105a_g_com_10.wcs.fits
⏭️ Skip existing: 2026-01-22_EP260110a_g_com_10.wcs.fits
⏭️ Skip existing: 2026-01-23_EP260105b_g_com_10.wcs.fits
⏭️ Skip existing: 2026-01-23_EP260116a_g_com_10.wcs.fits
⏭️ Skip existing: 2026-01-26_EP260110a_g_com_10.wcs.fits
⏭️ Skip existing: 2026-01-27_EP260116a_g_com_10.wcs.fits
⏭️ Skip existing: 2026-02-08_EP260110a_g_com_9.wcs.fits
⏭️ Skip existing: 2026-02-10_EP260110a_g_com_9.wcs.fits
⏭️ Skip existing: 2026-02-10_EP260209a_g_com_10.wcs.fits
⏭️ Skip existing: 2026-02-11_EP260116a_g_com_10.wcs.fits
⏭️ Skip existing: 2026-02-11_EP260126a_g_com_10.wcs.fits
⏭️ Skip existing: 2026-02-15_EP260116a_g_com_10.wcs.fits
⏭️ Skip existing: 2026-02-15_EP260126a_g_com_10.wcs.fits
⏭️ Skip existing: 2026-02-15_EP260209a_g_com_10.wcs.fits
✅ Sitian data download finished.
[ERROR] 
/home/liangrd/optical_data/EP251229a/sitian/2025-12-30_EP251229a_g_com_10.wcs.fi
ts: buffer is too small for requested array
[ERROR] 
/home/liangrd/optical_data/EP251229a/sitian/2025-12-31_EP251229a_g_com_10.wcs.fi
ts: buffer is too small for requested array
[ERROR] 
/home/liangrd/optical_data/EP260105a/WHUT/EP260105a_20260125_0013_i.fits: 
'NoneType' object has no attribute 'get'
[OK] Saved:
  - /home/liangrd/Follow_up/results/all_targets_timeline.csv
  - /home/liangrd/Follow_up/results/all_targets_timeline.png
[ERROR] 
/home/liangrd/optical_data/EP251229a/sitian/2025-12-30_EP251229a_g_com_10.wcs.fi
ts: buffer is too small for requested array
[ERROR] 
/home/liangrd/optical_data/EP251229a/sitian/2025-12-31_EP251229a_g_com_10.wcs.fi
ts: buffer is too small for requested array
[ERROR] 
/home/liangrd/optical_data/EP260105a/WHUT/EP260105a_20260125_0013_i.fits: 
'NoneType' object has no attribute 'get'
[OK] Saved interactive figure to 
/home/liangrd/Follow_up/results/all_targets_timeline.html
[OK] Saved:
  - /home/liangrd/Follow_up/results/all_targets_timeline.csv
  - /home/liangrd/Follow_up/results/all_targets_timeline.html
[OK] Saved results to /home/liangrd/Follow_up/results/all_targets_meta.csv
[master d6f8b21] Update data at 2026-03-03 16:05:27.737
 7 files changed, 153 insertions(+), 34 deletions(-)
To github.com:LAujust/Follow_up.git
   7b637c7..d6f8b21  master -> master
===============================================
Updating Data: 2026-03-03 22:00:05.012
===============================================
Found 17 remote files.
[SKIP] File already exists: 
/home/liangrd/optical_data/EP251222a/TNOT/stack_EP251222a_rp_wcs.fits
[SKIP] Local directory does not exist for target 
'/home/tnot/EP/20251212/stack_WXTJ043559-012325_rp_wcs.fits': 
/home/liangrd/optical_data/WXTJ043559-012325/TNOT
[SKIP] File already exists: 
/home/liangrd/optical_data/EP260131a/TNOT/stack_EP260131a_rp_wcs.fits
[SKIP] Local directory does not exist for target 
'/home/tnot/EP/20251219/stack_EPJ0619.5+0606_rp_wcs.fits': 
/home/liangrd/optical_data/EPJ0619.5+0606/TNOT
[SKIP] Local directory does not exist for target 
'/home/tnot/EP/20251213/stack_WXT_J001838+115903_rp_wcs.fits': 
/home/liangrd/optical_data/WXT/TNOT
[SKIP] Local directory does not exist for target 
'/home/tnot/EP/20251208/stack_RXSJ052540.6+425139_rp_wcs.fits': 
/home/liangrd/optical_data/RXSJ052540.6+425139/TNOT
[SKIP] Local directory does not exist for target 
'/home/tnot/EP/20251208/stack_WXTJ031644+08d316_rp_wcs.fits': 
/home/liangrd/optical_data/WXTJ031644+08d316/TNOT
[SKIP] File already exists: 
/home/liangrd/optical_data/EP251222a/TNOT/stack_EP251222a_rp_wcs.fits
[SKIP] Local directory does not exist for target 
'/home/tnot/EP/20251209/stack_WXTJ032216+233553_rp_wcs.fits': 
/home/liangrd/optical_data/WXTJ032216+233553/TNOT
[SKIP] Local directory does not exist for target 
'/home/tnot/EP/20251209/stack_WXTJ110746+454221_rp_wcs.fits': 
/home/liangrd/optical_data/WXTJ110746+454221/TNOT
[SKIP] File already exists: 
/home/liangrd/optical_data/EP251221a/TNOT/stack_EP251221a_rp_wcs.fits
[SKIP] File already exists: 
/home/liangrd/optical_data/EP260209a/TNOT/stack_EP260209a_rp_wcs.fits
[SKIP] Local directory does not exist for target 
'/home/tnot/EP/20251211/stack_WXTJ2_rp_wcs.fits': 
/home/liangrd/optical_data/WXTJ2/TNOT
[SKIP] Local directory does not exist for target 
'/home/tnot/EP/20251213_Li/stack_WXT_J001838+115903_rp_wcs.fits': 
/home/liangrd/optical_data/WXT/TNOT
[SKIP] Local directory does not exist for target 
'/home/tnot/EP/20260109/stack_WXT_J030902+581637_rp_wcs.fits': 
/home/liangrd/optical_data/WXT/TNOT
[SKIP] File already exists: 
/home/liangrd/optical_data/EP251222a/TNOT/stack_EP251222a_rp_wcs.fits
[SKIP] Local directory does not exist for target 
'/home/tnot/EP/20251214/stack_EP20251214a_rp_wcs.fits': 
/home/liangrd/optical_data/EP20251214a/TNOT
🔍 Querying remote Sitian files...
❌ Failed to list remote files
ssh: connect to host www.xinglong-naoc.cn port 20210: Connection timed out

[ERROR] 
/home/liangrd/optical_data/EP251229a/sitian/2025-12-30_EP251229a_g_com_10.wcs.fi
ts: buffer is too small for requested array
[ERROR] 
/home/liangrd/optical_data/EP251229a/sitian/2025-12-31_EP251229a_g_com_10.wcs.fi
ts: buffer is too small for requested array
[ERROR] 
/home/liangrd/optical_data/EP260105a/WHUT/EP260105a_20260125_0013_i.fits: 
'NoneType' object has no attribute 'get'
[OK] Saved:
  - /home/liangrd/Follow_up/results/all_targets_timeline.csv
  - /home/liangrd/Follow_up/results/all_targets_timeline.png
[ERROR] 
/home/liangrd/optical_data/EP251229a/sitian/2025-12-30_EP251229a_g_com_10.wcs.fi
ts: buffer is too small for requested array
[ERROR] 
/home/liangrd/optical_data/EP251229a/sitian/2025-12-31_EP251229a_g_com_10.wcs.fi
ts: buffer is too small for requested array
[ERROR] 
/home/liangrd/optical_data/EP260105a/WHUT/EP260105a_20260125_0013_i.fits: 
'NoneType' object has no attribute 'get'
[OK] Saved interactive figure to 
/home/liangrd/Follow_up/results/all_targets_timeline.html
[OK] Saved:
  - /home/liangrd/Follow_up/results/all_targets_timeline.csv
  - /home/liangrd/Follow_up/results/all_targets_timeline.html
[OK] Saved results to /home/liangrd/Follow_up/results/all_targets_meta.csv
