WARNING: NonRotationTransformationWarning: transforming other coordinates from <ICRS Frame> to <GCRS Frame (obstime=[datetime.datetime(2026, 2, 28, 7, 0, 1, 595964)
 datetime.datetime(2026, 2, 28, 13, 0, 1, 595964)
 datetime.datetime(2026, 2, 28, 19, 0, 1, 595964)
 datetime.datetime(2026, 3, 1, 1, 0, 1, 595964)
 datetime.datetime(2026, 3, 1, 7, 0, 1, 595964)
 datetime.datetime(2026, 3, 1, 13, 0, 1, 595964)
 datetime.datetime(2026, 3, 1, 19, 0, 1, 595964)
 datetime.datetime(2026, 3, 2, 1, 0, 1, 595964)
 datetime.datetime(2026, 3, 2, 7, 0, 1, 595964)
 datetime.datetime(2026, 3, 2, 13, 0, 1, 595964)
 datetime.datetime(2026, 3, 2, 19, 0, 1, 595964)
 datetime.datetime(2026, 3, 3, 1, 0, 1, 595964)], obsgeoloc=(0., 0., 0.) m, obsgeovel=(0., 0., 0.) m / s)>. Angular separation can depend on the direction of the transformation. [astropy.coordinates.baseframe]
WARNING: NonRotationTransformationWarning: transforming other coordinates from <ICRS Frame> to <GCRS Frame (obstime=[datetime.datetime(2026, 2, 28, 7, 0, 1, 733995)
 datetime.datetime(2026, 2, 28, 13, 0, 1, 733995)
 datetime.datetime(2026, 2, 28, 19, 0, 1, 733995)
 datetime.datetime(2026, 3, 1, 1, 0, 1, 733995)
 datetime.datetime(2026, 3, 1, 7, 0, 1, 733995)
 datetime.datetime(2026, 3, 1, 13, 0, 1, 733995)
 datetime.datetime(2026, 3, 1, 19, 0, 1, 733995)
 datetime.datetime(2026, 3, 2, 1, 0, 1, 733995)
 datetime.datetime(2026, 3, 2, 7, 0, 1, 733995)
 datetime.datetime(2026, 3, 2, 13, 0, 1, 733995)
 datetime.datetime(2026, 3, 2, 19, 0, 1, 733995)
 datetime.datetime(2026, 3, 3, 1, 0, 1, 733995)], obsgeoloc=(0., 0., 0.) m, obsgeovel=(0., 0., 0.) m / s)>. Angular separation can depend on the direction of the transformation. [astropy.coordinates.baseframe]
WARNING: NonRotationTransformationWarning: transforming other coordinates from <ICRS Frame> to <GCRS Frame (obstime=[datetime.datetime(2026, 2, 28, 7, 0, 1, 855611)
 datetime.datetime(2026, 2, 28, 13, 0, 1, 855611)
 datetime.datetime(2026, 2, 28, 19, 0, 1, 855611)
 datetime.datetime(2026, 3, 1, 1, 0, 1, 855611)
 datetime.datetime(2026, 3, 1, 7, 0, 1, 855611)
 datetime.datetime(2026, 3, 1, 13, 0, 1, 855611)
 datetime.datetime(2026, 3, 1, 19, 0, 1, 855611)
 datetime.datetime(2026, 3, 2, 1, 0, 1, 855611)
 datetime.datetime(2026, 3, 2, 7, 0, 1, 855611)
 datetime.datetime(2026, 3, 2, 13, 0, 1, 855611)
 datetime.datetime(2026, 3, 2, 19, 0, 1, 855611)
 datetime.datetime(2026, 3, 3, 1, 0, 1, 855611)], obsgeoloc=(0., 0., 0.) m, obsgeovel=(0., 0., 0.) m / s)>. Angular separation can depend on the direction of the transformation. [astropy.coordinates.baseframe]
WARNING: NonRotationTransformationWarning: transforming other coordinates from <ICRS Frame> to <GCRS Frame (obstime=[datetime.datetime(2026, 2, 28, 7, 0, 1, 981059)
 datetime.datetime(2026, 2, 28, 13, 0, 1, 981059)
 datetime.datetime(2026, 2, 28, 19, 0, 1, 981059)
 datetime.datetime(2026, 3, 1, 1, 0, 1, 981059)
 datetime.datetime(2026, 3, 1, 7, 0, 1, 981059)
 datetime.datetime(2026, 3, 1, 13, 0, 1, 981059)
 datetime.datetime(2026, 3, 1, 19, 0, 1, 981059)
 datetime.datetime(2026, 3, 2, 1, 0, 1, 981059)
 datetime.datetime(2026, 3, 2, 7, 0, 1, 981059)
 datetime.datetime(2026, 3, 2, 13, 0, 1, 981059)
 datetime.datetime(2026, 3, 2, 19, 0, 1, 981059)
 datetime.datetime(2026, 3, 3, 1, 0, 1, 981059)], obsgeoloc=(0., 0., 0.) m, obsgeovel=(0., 0., 0.) m / s)>. Angular separation can depend on the direction of the transformation. [astropy.coordinates.baseframe]
WARNING: NonRotationTransformationWarning: transforming other coordinates from <ICRS Frame> to <GCRS Frame (obstime=[datetime.datetime(2026, 2, 28, 7, 0, 2, 104061)
 datetime.datetime(2026, 2, 28, 13, 0, 2, 104061)
 datetime.datetime(2026, 2, 28, 19, 0, 2, 104061)
 datetime.datetime(2026, 3, 1, 1, 0, 2, 104061)
 datetime.datetime(2026, 3, 1, 7, 0, 2, 104061)
 datetime.datetime(2026, 3, 1, 13, 0, 2, 104061)
 datetime.datetime(2026, 3, 1, 19, 0, 2, 104061)
 datetime.datetime(2026, 3, 2, 1, 0, 2, 104061)
 datetime.datetime(2026, 3, 2, 7, 0, 2, 104061)
 datetime.datetime(2026, 3, 2, 13, 0, 2, 104061)
 datetime.datetime(2026, 3, 2, 19, 0, 2, 104061)
 datetime.datetime(2026, 3, 3, 1, 0, 2, 104061)], obsgeoloc=(0., 0., 0.) m, obsgeovel=(0., 0., 0.) m / s)>. Angular separation can depend on the direction of the transformation. [astropy.coordinates.baseframe]
WARNING: NonRotationTransformationWarning: transforming other coordinates from <ICRS Frame> to <GCRS Frame (obstime=[datetime.datetime(2026, 2, 28, 7, 0, 2, 222308)
 datetime.datetime(2026, 2, 28, 13, 0, 2, 222308)
 datetime.datetime(2026, 2, 28, 19, 0, 2, 222308)
 datetime.datetime(2026, 3, 1, 1, 0, 2, 222308)
 datetime.datetime(2026, 3, 1, 7, 0, 2, 222308)
 datetime.datetime(2026, 3, 1, 13, 0, 2, 222308)
 datetime.datetime(2026, 3, 1, 19, 0, 2, 222308)
 datetime.datetime(2026, 3, 2, 1, 0, 2, 222308)
 datetime.datetime(2026, 3, 2, 7, 0, 2, 222308)
 datetime.datetime(2026, 3, 2, 13, 0, 2, 222308)
 datetime.datetime(2026, 3, 2, 19, 0, 2, 222308)
 datetime.datetime(2026, 3, 3, 1, 0, 2, 222308)], obsgeoloc=(0., 0., 0.) m, obsgeovel=(0., 0., 0.) m / s)>. Angular separation can depend on the direction of the transformation. [astropy.coordinates.baseframe]
WARNING: NonRotationTransformationWarning: transforming other coordinates from <ICRS Frame> to <GCRS Frame (obstime=[datetime.datetime(2026, 2, 28, 7, 0, 2, 344391)
 datetime.datetime(2026, 2, 28, 13, 0, 2, 344391)
 datetime.datetime(2026, 2, 28, 19, 0, 2, 344391)
 datetime.datetime(2026, 3, 1, 1, 0, 2, 344391)
 datetime.datetime(2026, 3, 1, 7, 0, 2, 344391)
 datetime.datetime(2026, 3, 1, 13, 0, 2, 344391)
 datetime.datetime(2026, 3, 1, 19, 0, 2, 344391)
 datetime.datetime(2026, 3, 2, 1, 0, 2, 344391)
 datetime.datetime(2026, 3, 2, 7, 0, 2, 344391)
 datetime.datetime(2026, 3, 2, 13, 0, 2, 344391)
 datetime.datetime(2026, 3, 2, 19, 0, 2, 344391)
 datetime.datetime(2026, 3, 3, 1, 0, 2, 344391)], obsgeoloc=(0., 0., 0.) m, obsgeovel=(0., 0., 0.) m / s)>. Angular separation can depend on the direction of the transformation. [astropy.coordinates.baseframe]
WARNING: NonRotationTransformationWarning: transforming other coordinates from <ICRS Frame> to <GCRS Frame (obstime=[datetime.datetime(2026, 2, 28, 7, 0, 2, 463607)
 datetime.datetime(2026, 2, 28, 13, 0, 2, 463607)
 datetime.datetime(2026, 2, 28, 19, 0, 2, 463607)
 datetime.datetime(2026, 3, 1, 1, 0, 2, 463607)
 datetime.datetime(2026, 3, 1, 7, 0, 2, 463607)
 datetime.datetime(2026, 3, 1, 13, 0, 2, 463607)
 datetime.datetime(2026, 3, 1, 19, 0, 2, 463607)
 datetime.datetime(2026, 3, 2, 1, 0, 2, 463607)
 datetime.datetime(2026, 3, 2, 7, 0, 2, 463607)
 datetime.datetime(2026, 3, 2, 13, 0, 2, 463607)
 datetime.datetime(2026, 3, 2, 19, 0, 2, 463607)
 datetime.datetime(2026, 3, 3, 1, 0, 2, 463607)], obsgeoloc=(0., 0., 0.) m, obsgeovel=(0., 0., 0.) m / s)>. Angular separation can depend on the direction of the transformation. [astropy.coordinates.baseframe]
Calculating lunar distance for EP260126a...
Calculating lunar distance for EP260131a...
Calculating lunar distance for EP260209a...
Calculating lunar distance for EP260210a...
Calculating lunar distance for EP260213a...
Calculating lunar distance for EP260214b...
Calculating lunar distance for EP260221a...
Calculating lunar distance for EP260224a...
Markdown file saved to Candidates_lunar.md
